
AGBRAC01.ITM : Opcode 221: Wrong parameter2 : 23
BLUN14.ITM : Opcode 221: Wrong parameter2 : 18
BLUN14D.ITM : Opcode 221: Wrong parameter2 : 18
BLUN14E.ITM : Opcode 221: Wrong parameter2 : 18
BLUN14G.ITM : Opcode 221: Wrong parameter2 : 18
BLUN30.ITM : Opcode 221: Wrong parameter2 : 18
BLUN30C.ITM : Opcode 221: Wrong parameter2 : 18
BLUN30D.ITM : Opcode 221: Wrong parameter2 : 18
C-CS-ORG.ITM : Opcode 179: Wrong ids file : 146
C-CS.ITM : Opcode 179: Wrong ids file : 146
CBTLSWRD.ITM : Opcode 221: Wrong parameter2 : 18
CHALCY3.ITM : Opcode 221: Wrong parameter2 : 36
CLCKK2.ITM : Opcode 177: Wrong ids file : 0
DWXBOW01.ITM : Opcode 165: Les 2 parametres doivent avoir la valeur 0
EDWXBO01.ITM : Opcode 165: Les 2 parametres doivent avoir la valeur 0
F_XBOW08.ITM : Opcode 165: Les 2 parametres doivent avoir la valeur 0
J#JANXBO.ITM : Opcode 165: Les 2 parametres doivent avoir la valeur 0
JWSUPER.ITM : Opcode 221: Wrong parameter2 : 19
MHOPXFUA.ITM : Opcode 165: Les 2 parametres doivent avoir la valeur 0
MHOPXFUB.ITM : Opcode 165: Les 2 parametres doivent avoir la valeur 0
MISCBC.ITM : Opcode 221: Wrong parameter2 : 19
PRINCESS.ITM : Opcode 238: Wrong ids file : 24
REAVER.ITM : Opcode 221: Wrong parameter2 : 21
SECRET01.ITM : Opcode 165: Les 2 parametres doivent avoir la valeur 0
SELPHIRA.ITM : Opcode 4: Les 2 parametres doivent avoir la valeur 0
SOAITM27.ITM : Opcode 115 : Invalid value for parameter2 : 4 (0, 1 or 2 expected)
SOAITM30.ITM : Opcode 115 : Invalid value for parameter2 : 4 (0, 1 or 2 expected)
SW2H10.ITM : Opcode 81: Les 2 parametres doivent avoir la valeur 0
UCMGXB01.ITM : Opcode 165: Les 2 parametres doivent avoir la valeur 0
XBOW01.ITM : Opcode 165: Les 2 parametres doivent avoir la valeur 0
XBOW02.ITM : Opcode 165: Les 2 parametres doivent avoir la valeur 0
XBOW03.ITM : Opcode 165: Les 2 parametres doivent avoir la valeur 0
XBOW04.ITM : Opcode 165: Les 2 parametres doivent avoir la valeur 0
XBOW05.ITM : Opcode 165: Les 2 parametres doivent avoir la valeur 0
XBOW06.ITM : Opcode 165: Les 2 parametres doivent avoir la valeur 0
XBOW07.ITM : Opcode 165: Les 2 parametres doivent avoir la valeur 0
XBOW08.ITM : Opcode 165: Les 2 parametres doivent avoir la valeur 0
XBOW09.ITM : Opcode 165: Les 2 parametres doivent avoir la valeur 0
XBOW10.ITM : Opcode 165: Les 2 parametres doivent avoir la valeur 0
XBOW12.ITM : Opcode 165: Les 2 parametres doivent avoir la valeur 0
XBOW13.ITM : Opcode 165: Les 2 parametres doivent avoir la valeur 0
XBOW14.ITM : Opcode 165: Les 2 parametres doivent avoir la valeur 0
XBOW15.ITM : Opcode 165: Les 2 parametres doivent avoir la valeur 0
XBOW16.ITM : Opcode 165: Les 2 parametres doivent avoir la valeur 0
XBOW17.ITM : Opcode 165: Les 2 parametres doivent avoir la valeur 0
XBOW18.ITM : Opcode 165: Les 2 parametres doivent avoir la valeur 0
XBOWDRW.ITM : Opcode 165: Les 2 parametres doivent avoir la valeur 0
