
BLUN30.ITM : Opcode 206 : Resource cdsw1h58.spl doesn't exist.
BLUN30.ITM : Opcode 206 : Resource cdmound.spl doesn't exist.
BLUN30.ITM : Opcode 206 : Resource cdhgnya1.spl doesn't exist.
BLUN30.ITM : Opcode 206 : Resource cdsw1h58.spl doesn't exist.
BLUN30.ITM : Opcode 206 : Resource cdmound.spl doesn't exist.
BLUN30.ITM : Opcode 206 : Resource cdhgnya1.spl doesn't exist.
BLUN30.ITM : Opcode 206 : Resource cdsw1h58.spl doesn't exist.
BLUN30.ITM : Opcode 206 : Resource cdmound.spl doesn't exist.
BLUN30.ITM : Opcode 206 : Resource cdhgnya1.spl doesn't exist.
BLUN30.ITM : Opcode 206 : Resource cdsw1h58.spl doesn't exist.
BLUN30.ITM : Opcode 206 : Resource cdmound.spl doesn't exist.
BLUN30.ITM : Opcode 206 : Resource cdhgnya1.spl doesn't exist.
DWCHAN02.ITM : Opcode 0: parameter1 equal to 0 for a bonus/malus to the armor class.
JWSUPER.ITM : Opcode 206 : Resource cdsw1h58.spl doesn't exist.
JWSUPER.ITM : Opcode 206 : Resource cdmound.spl doesn't exist.
JWSUPER.ITM : Opcode 206 : Resource cdhgnya1.spl doesn't exist.
JWSUPER.ITM : Opcode 206 : Resource cdmound.spl doesn't exist.
JWSUPER.ITM : Opcode 206 : Resource cdhgnya1.spl doesn't exist.
NPPLAT.ITM : Opcode 206 : Resource cdsw1h58.spl doesn't exist.
NPPLAT.ITM : Opcode 206 : Resource cdmound.spl doesn't exist.
NPPLAT.ITM : Opcode 206 : Resource cdhgnya1.spl doesn't exist.
NPPLAT.ITM : Opcode 206 : Resource cdsw1h58.spl doesn't exist.
NPPLAT.ITM : Opcode 206 : Resource cdmound.spl doesn't exist.
NPPLAT.ITM : Opcode 206 : Resource cdhgnya1.spl doesn't exist.
NPPLAT.ITM : Opcode 206 : Resource cdsw1h58.spl doesn't exist.
NPPLAT.ITM : Opcode 206 : Resource cdmound.spl doesn't exist.
NPPLAT.ITM : Opcode 206 : Resource cdhgnya1.spl doesn't exist.
NPPLAT.ITM : Opcode 206 : Resource cdsw1h58.spl doesn't exist.
NPPLAT.ITM : Opcode 206 : Resource cdmound.spl doesn't exist.
NPPLAT.ITM : Opcode 206 : Resource cdhgnya1.spl doesn't exist.
OHBREW02.ITM : Opcode 177: Resource key is empty.
OHBREW04.ITM : Opcode 146: Invalid ids entry : specific.ids (100)
OHBREW05.ITM : Opcode 344: Invalid ids entry : specific.ids (5)
OHBREW05.ITM : Opcode 178: Invalid ids entry : specific.ids (5)
OHBREW05.ITM : Opcode 12: Invalid ids entry : specific.ids (5)
POTN45.ITM : Opcode 206 : Resource cdsw1h58.spl doesn't exist.
POTN45.ITM : Opcode 206 : Resource cdmound.spl doesn't exist.
POTN45.ITM : Opcode 206 : Resource cdhgnya1.spl doesn't exist.
POTN45.ITM : Opcode 206 : Resource cdsw1h58.spl doesn't exist.
POTN45.ITM : Opcode 206 : Resource cdmound.spl doesn't exist.
POTN45.ITM : Opcode 206 : Resource cdhgnya1.spl doesn't exist.
POTN45.ITM : Opcode 206 : Resource cdsw1h58.spl doesn't exist.
POTN45.ITM : Opcode 206 : Resource cdmound.spl doesn't exist.
POTN45.ITM : Opcode 206 : Resource cdhgnya1.spl doesn't exist.
POTN45.ITM : Opcode 206 : Resource cdsw1h58.spl doesn't exist.
POTN45.ITM : Opcode 206 : Resource cdmound.spl doesn't exist.
POTN45.ITM : Opcode 206 : Resource cdhgnya1.spl doesn't exist.
RING09.ITM : Opcode 206 : Resource cdsw1h58.spl doesn't exist.
RING09.ITM : Opcode 206 : Resource cdmound.spl doesn't exist.
RING09.ITM : Opcode 206 : Resource cdhgnya1.spl doesn't exist.
RING09.ITM : Opcode 206 : Resource cdsw1h58.spl doesn't exist.
RING09.ITM : Opcode 206 : Resource cdmound.spl doesn't exist.
RING09.ITM : Opcode 206 : Resource cdhgnya1.spl doesn't exist.
RING09.ITM : Opcode 206 : Resource cdsw1h58.spl doesn't exist.
RING09.ITM : Opcode 206 : Resource cdmound.spl doesn't exist.
RING09.ITM : Opcode 206 : Resource cdhgnya1.spl doesn't exist.
RING09.ITM : Opcode 206 : Resource cdsw1h58.spl doesn't exist.
RING09.ITM : Opcode 206 : Resource cdmound.spl doesn't exist.
RING09.ITM : Opcode 206 : Resource cdhgnya1.spl doesn't exist.
ROSSRING.ITM : Opcode 206 : Resource cdsw1h58.spl doesn't exist.
ROSSRING.ITM : Opcode 206 : Resource cdmound.spl doesn't exist.
ROSSRING.ITM : Opcode 206 : Resource cdhgnya1.spl doesn't exist.
ROSSRING.ITM : Opcode 206 : Resource cdmound.spl doesn't exist.
ROSSRING.ITM : Opcode 206 : Resource cdhgnya1.spl doesn't exist.
SPER12.ITM : Opcode 206 : Resource cdsw1h58.spl doesn't exist.
SPER12.ITM : Opcode 206 : Resource cdmound.spl doesn't exist.
SPER12.ITM : Opcode 206 : Resource cdhgnya1.spl doesn't exist.
SPER12.ITM : Opcode 206 : Resource cdsw1h58.spl doesn't exist.
SPER12.ITM : Opcode 206 : Resource cdmound.spl doesn't exist.
SPER12.ITM : Opcode 206 : Resource cdhgnya1.spl doesn't exist.
SPER12.ITM : Opcode 206 : Resource cdsw1h58.spl doesn't exist.
SPER12.ITM : Opcode 206 : Resource cdmound.spl doesn't exist.
SPER12.ITM : Opcode 206 : Resource cdhgnya1.spl doesn't exist.
SPER12.ITM : Opcode 206 : Resource cdsw1h58.spl doesn't exist.
SPER12.ITM : Opcode 206 : Resource cdmound.spl doesn't exist.
SPER12.ITM : Opcode 206 : Resource cdhgnya1.spl doesn't exist.
SW2H06.ITM : Opcode 206 : Resource cdsw1h58.spl doesn't exist.
SW2H06.ITM : Opcode 206 : Resource cdmound.spl doesn't exist.
SW2H06.ITM : Opcode 206 : Resource cdhgnya1.spl doesn't exist.
SW2H06.ITM : Opcode 206 : Resource cdsw1h58.spl doesn't exist.
SW2H06.ITM : Opcode 206 : Resource cdmound.spl doesn't exist.
SW2H06.ITM : Opcode 206 : Resource cdhgnya1.spl doesn't exist.
SW2H06.ITM : Opcode 206 : Resource cdsw1h58.spl doesn't exist.
SW2H06.ITM : Opcode 206 : Resource cdmound.spl doesn't exist.
SW2H06.ITM : Opcode 206 : Resource cdhgnya1.spl doesn't exist.
SW2H06.ITM : Opcode 206 : Resource cdsw1h58.spl doesn't exist.
SW2H06.ITM : Opcode 206 : Resource cdmound.spl doesn't exist.
SW2H06.ITM : Opcode 206 : Resource cdhgnya1.spl doesn't exist.
SW2H13.ITM : Opcode 206 : Resource cdsw1h58.spl doesn't exist.
SW2H13.ITM : Opcode 206 : Resource cdmound.spl doesn't exist.
SW2H13.ITM : Opcode 206 : Resource cdhgnya1.spl doesn't exist.
SW2H13.ITM : Opcode 206 : Resource cdsw1h58.spl doesn't exist.
SW2H13.ITM : Opcode 206 : Resource cdmound.spl doesn't exist.
SW2H13.ITM : Opcode 206 : Resource cdhgnya1.spl doesn't exist.
SW2H13.ITM : Opcode 206 : Resource cdsw1h58.spl doesn't exist.
SW2H13.ITM : Opcode 206 : Resource cdmound.spl doesn't exist.
SW2H13.ITM : Opcode 206 : Resource cdhgnya1.spl doesn't exist.
SW2H13.ITM : Opcode 206 : Resource cdsw1h58.spl doesn't exist.
SW2H13.ITM : Opcode 206 : Resource cdmound.spl doesn't exist.
SW2H13.ITM : Opcode 206 : Resource cdhgnya1.spl doesn't exist.
