
SPIN853.SPL : Opcode 206 : Resource cdsw1h58.spl doesn't exist.
SPIN853.SPL : Opcode 206 : Resource cdmound.spl doesn't exist.
SPIN853.SPL : Opcode 206 : Resource cdhgnya1.spl doesn't exist.
SPIN853.SPL : Opcode 206 : Resource cdsw1h58.spl doesn't exist.
SPIN853.SPL : Opcode 206 : Resource cdmound.spl doesn't exist.
SPIN853.SPL : Opcode 206 : Resource cdhgnya1.spl doesn't exist.
SPIN853.SPL : Opcode 206 : Resource cdsw1h58.spl doesn't exist.
SPIN853.SPL : Opcode 206 : Resource cdmound.spl doesn't exist.
SPIN853.SPL : Opcode 206 : Resource cdhgnya1.spl doesn't exist.
SPPR403.SPL : Opcode 206 : Resource cdsw1h58.spl doesn't exist.
SPPR403.SPL : Opcode 206 : Resource cdmound.spl doesn't exist.
SPPR403.SPL : Opcode 206 : Resource cdhgnya1.spl doesn't exist.
SPPR403.SPL : Opcode 206 : Resource cdsw1h58.spl doesn't exist.
SPPR403.SPL : Opcode 206 : Resource cdmound.spl doesn't exist.
SPPR403.SPL : Opcode 206 : Resource cdhgnya1.spl doesn't exist.
SPPR403.SPL : Opcode 206 : Resource cdsw1h58.spl doesn't exist.
SPPR403.SPL : Opcode 206 : Resource cdmound.spl doesn't exist.
SPPR403.SPL : Opcode 206 : Resource cdhgnya1.spl doesn't exist.
SPPR403.SPL : Opcode 206 : Resource cdsw1h58.spl doesn't exist.
SPPR403.SPL : Opcode 206 : Resource cdmound.spl doesn't exist.
SPPR403.SPL : Opcode 206 : Resource cdhgnya1.spl doesn't exist.
SPPR403.SPL : Opcode 206 : Resource cdsw1h58.spl doesn't exist.
SPPR403.SPL : Opcode 206 : Resource cdmound.spl doesn't exist.
SPPR403.SPL : Opcode 206 : Resource cdhgnya1.spl doesn't exist.
SPPR403.SPL : Opcode 206 : Resource cdsw1h58.spl doesn't exist.
SPPR403.SPL : Opcode 206 : Resource cdmound.spl doesn't exist.
SPPR403.SPL : Opcode 206 : Resource cdhgnya1.spl doesn't exist.
SPPR403.SPL : Opcode 206 : Resource cdsw1h58.spl doesn't exist.
SPPR403.SPL : Opcode 206 : Resource cdmound.spl doesn't exist.
SPPR403.SPL : Opcode 206 : Resource cdhgnya1.spl doesn't exist.
SPPR403.SPL : Opcode 206 : Resource cdsw1h58.spl doesn't exist.
SPPR403.SPL : Opcode 206 : Resource cdmound.spl doesn't exist.
SPPR403.SPL : Opcode 206 : Resource cdhgnya1.spl doesn't exist.
SPPR403.SPL : Opcode 206 : Resource cdsw1h58.spl doesn't exist.
SPPR403.SPL : Opcode 206 : Resource cdmound.spl doesn't exist.
SPPR403.SPL : Opcode 206 : Resource cdhgnya1.spl doesn't exist.
SPPR403.SPL : Opcode 206 : Resource cdsw1h58.spl doesn't exist.
SPPR403.SPL : Opcode 206 : Resource cdmound.spl doesn't exist.
SPPR403.SPL : Opcode 206 : Resource cdhgnya1.spl doesn't exist.
SPPR403.SPL : Opcode 206 : Resource cdsw1h58.spl doesn't exist.
SPPR403.SPL : Opcode 206 : Resource cdmound.spl doesn't exist.
SPPR403.SPL : Opcode 206 : Resource cdhgnya1.spl doesn't exist.
SPPR403.SPL : Opcode 206 : Resource cdsw1h58.spl doesn't exist.
SPPR403.SPL : Opcode 206 : Resource cdmound.spl doesn't exist.
SPPR403.SPL : Opcode 206 : Resource cdhgnya1.spl doesn't exist.
SPPR403.SPL : Opcode 206 : Resource cdsw1h58.spl doesn't exist.
SPPR403.SPL : Opcode 206 : Resource cdmound.spl doesn't exist.
SPPR403.SPL : Opcode 206 : Resource cdhgnya1.spl doesn't exist.
SPPR403.SPL : Opcode 206 : Resource cdsw1h58.spl doesn't exist.
SPPR403.SPL : Opcode 206 : Resource cdmound.spl doesn't exist.
SPPR403.SPL : Opcode 206 : Resource cdhgnya1.spl doesn't exist.
SPPR403.SPL : Opcode 206 : Resource cdsw1h58.spl doesn't exist.
SPPR403.SPL : Opcode 206 : Resource cdmound.spl doesn't exist.
SPPR403.SPL : Opcode 206 : Resource cdhgnya1.spl doesn't exist.
SPPR403.SPL : Opcode 206 : Resource cdsw1h58.spl doesn't exist.
SPPR403.SPL : Opcode 206 : Resource cdmound.spl doesn't exist.
SPPR403.SPL : Opcode 206 : Resource cdhgnya1.spl doesn't exist.
SPPR403.SPL : Opcode 206 : Resource cdsw1h58.spl doesn't exist.
SPPR403.SPL : Opcode 206 : Resource cdmound.spl doesn't exist.
SPPR403.SPL : Opcode 206 : Resource cdhgnya1.spl doesn't exist.
SPPR403.SPL : Opcode 206 : Resource cdsw1h58.spl doesn't exist.
SPPR403.SPL : Opcode 206 : Resource cdmound.spl doesn't exist.
SPPR403.SPL : Opcode 206 : Resource cdhgnya1.spl doesn't exist.
SPPR403.SPL : Opcode 206 : Resource cdsw1h58.spl doesn't exist.
SPPR403.SPL : Opcode 206 : Resource cdmound.spl doesn't exist.
SPPR403.SPL : Opcode 206 : Resource cdhgnya1.spl doesn't exist.
SPPR403.SPL : Opcode 206 : Resource cdsw1h58.spl doesn't exist.
SPPR403.SPL : Opcode 206 : Resource cdmound.spl doesn't exist.
SPPR403.SPL : Opcode 206 : Resource cdhgnya1.spl doesn't exist.
SPPR403.SPL : Opcode 206 : Resource cdsw1h58.spl doesn't exist.
SPPR403.SPL : Opcode 206 : Resource cdmound.spl doesn't exist.
SPPR403.SPL : Opcode 206 : Resource cdhgnya1.spl doesn't exist.
SPPR403.SPL : Opcode 206 : Resource cdsw1h58.spl doesn't exist.
SPPR403.SPL : Opcode 206 : Resource cdmound.spl doesn't exist.
SPPR403.SPL : Opcode 206 : Resource cdhgnya1.spl doesn't exist.
SPPR403.SPL : Opcode 206 : Resource cdsw1h58.spl doesn't exist.
SPPR403.SPL : Opcode 206 : Resource cdmound.spl doesn't exist.
SPPR403.SPL : Opcode 206 : Resource cdhgnya1.spl doesn't exist.
SPPR403.SPL : Opcode 206 : Resource cdsw1h58.spl doesn't exist.
SPPR403.SPL : Opcode 206 : Resource cdmound.spl doesn't exist.
SPPR403.SPL : Opcode 206 : Resource cdhgnya1.spl doesn't exist.
SPPR403.SPL : Opcode 206 : Resource cdsw1h58.spl doesn't exist.
SPPR403.SPL : Opcode 206 : Resource cdmound.spl doesn't exist.
SPPR403.SPL : Opcode 206 : Resource cdhgnya1.spl doesn't exist.
SPPR403.SPL : Opcode 206 : Resource cdsw1h58.spl doesn't exist.
SPPR403.SPL : Opcode 206 : Resource cdmound.spl doesn't exist.
SPPR403.SPL : Opcode 206 : Resource cdhgnya1.spl doesn't exist.
SPPR403.SPL : Opcode 206 : Resource cdsw1h58.spl doesn't exist.
SPPR403.SPL : Opcode 206 : Resource cdmound.spl doesn't exist.
SPPR403.SPL : Opcode 206 : Resource cdhgnya1.spl doesn't exist.
SPPR403.SPL : Opcode 206 : Resource cdsw1h58.spl doesn't exist.
SPPR403.SPL : Opcode 206 : Resource cdmound.spl doesn't exist.
SPPR403.SPL : Opcode 206 : Resource cdhgnya1.spl doesn't exist.
SPPR403.SPL : Opcode 206 : Resource cdsw1h58.spl doesn't exist.
SPPR403.SPL : Opcode 206 : Resource cdmound.spl doesn't exist.
SPPR403.SPL : Opcode 206 : Resource cdhgnya1.spl doesn't exist.
SPPR403.SPL : Opcode 206 : Resource cdsw1h58.spl doesn't exist.
SPPR403.SPL : Opcode 206 : Resource cdmound.spl doesn't exist.
SPPR403.SPL : Opcode 206 : Resource cdhgnya1.spl doesn't exist.
SPPR403.SPL : Opcode 206 : Resource cdsw1h58.spl doesn't exist.
SPPR403.SPL : Opcode 206 : Resource cdmound.spl doesn't exist.
SPPR403.SPL : Opcode 206 : Resource cdhgnya1.spl doesn't exist.
SPPR403.SPL : Opcode 206 : Resource cdsw1h58.spl doesn't exist.
SPPR403.SPL : Opcode 206 : Resource cdmound.spl doesn't exist.
SPPR403.SPL : Opcode 206 : Resource cdhgnya1.spl doesn't exist.
SPPR403.SPL : Opcode 206 : Resource cdsw1h58.spl doesn't exist.
SPPR403.SPL : Opcode 206 : Resource cdmound.spl doesn't exist.
SPPR403.SPL : Opcode 206 : Resource cdhgnya1.spl doesn't exist.
SPPR403.SPL : Opcode 206 : Resource cdsw1h58.spl doesn't exist.
SPPR403.SPL : Opcode 206 : Resource cdmound.spl doesn't exist.
SPPR403.SPL : Opcode 206 : Resource cdhgnya1.spl doesn't exist.
SPPR403.SPL : Opcode 206 : Resource cdsw1h58.spl doesn't exist.
SPPR403.SPL : Opcode 206 : Resource cdmound.spl doesn't exist.
SPPR403.SPL : Opcode 206 : Resource cdhgnya1.spl doesn't exist.
SPPR403.SPL : Opcode 206 : Resource cdsw1h58.spl doesn't exist.
SPPR403.SPL : Opcode 206 : Resource cdmound.spl doesn't exist.
SPPR403.SPL : Opcode 206 : Resource cdhgnya1.spl doesn't exist.
SPPR403.SPL : Opcode 206 : Resource cdsw1h58.spl doesn't exist.
SPPR403.SPL : Opcode 206 : Resource cdmound.spl doesn't exist.
SPPR403.SPL : Opcode 206 : Resource cdhgnya1.spl doesn't exist.
SPPR403.SPL : Opcode 206 : Resource cdsw1h58.spl doesn't exist.
SPPR403.SPL : Opcode 206 : Resource cdmound.spl doesn't exist.
SPPR403.SPL : Opcode 206 : Resource cdhgnya1.spl doesn't exist.
SPPR403.SPL : Opcode 206 : Resource cdsw1h58.spl doesn't exist.
SPPR403.SPL : Opcode 206 : Resource cdmound.spl doesn't exist.
SPPR403.SPL : Opcode 206 : Resource cdhgnya1.spl doesn't exist.
SPPR403.SPL : Opcode 206 : Resource cdsw1h58.spl doesn't exist.
SPPR403.SPL : Opcode 206 : Resource cdmound.spl doesn't exist.
SPPR403.SPL : Opcode 206 : Resource cdhgnya1.spl doesn't exist.
SPPR403.SPL : Opcode 206 : Resource cdsw1h58.spl doesn't exist.
SPPR403.SPL : Opcode 206 : Resource cdmound.spl doesn't exist.
SPPR403.SPL : Opcode 206 : Resource cdhgnya1.spl doesn't exist.
SPPR403.SPL : Opcode 206 : Resource cdsw1h58.spl doesn't exist.
SPPR403.SPL : Opcode 206 : Resource cdmound.spl doesn't exist.
SPPR403.SPL : Opcode 206 : Resource cdhgnya1.spl doesn't exist.
SPWI853.SPL : Opcode 206 : Resource cdsw1h58.spl doesn't exist.
SPWI853.SPL : Opcode 206 : Resource cdmound.spl doesn't exist.
SPWI853.SPL : Opcode 206 : Resource cdhgnya1.spl doesn't exist.
SPWI853.SPL : Opcode 206 : Resource cdsw1h58.spl doesn't exist.
SPWI853.SPL : Opcode 206 : Resource cdmound.spl doesn't exist.
SPWI853.SPL : Opcode 206 : Resource cdhgnya1.spl doesn't exist.
SPWI853.SPL : Opcode 206 : Resource cdsw1h58.spl doesn't exist.
SPWI853.SPL : Opcode 206 : Resource cdmound.spl doesn't exist.
SPWI853.SPL : Opcode 206 : Resource cdhgnya1.spl doesn't exist.
SPWI943.SPL : Opcode 177 : Resource cdcb120.eff doesn't exist.
