
DEMOCHM.SPL : Opcode 177: Timing mode == Instant/Limited and duration == 0
DEMOCHM.SPL : Opcode 177: Timing mode == Instant/Limited and duration == 0
DEMOCHM.SPL : Opcode 177: Timing mode == Instant/Limited and duration == 0
DEMOCHM.SPL : Opcode 177: Timing mode == Instant/Limited and duration == 0
DEMOCHM.SPL : Opcode 177: Timing mode == Instant/Limited and duration == 0
DEMOCHM.SPL : Opcode 177: Timing mode == Instant/Limited and duration == 0
DEMOCHM.SPL : Opcode 177: Timing mode == Instant/Limited and duration == 0
DEMOCHM.SPL : Opcode 177: Timing mode == Instant/Limited and duration == 0
DEMOCHM.SPL : Opcode 177: Timing mode == Instant/Limited and duration == 0
DEMOCHM.SPL : Opcode 177: Timing mode == Instant/Limited and duration == 0
DEMOCHM.SPL : Opcode 177: Timing mode == Instant/Limited and duration == 0
DEMOCHM.SPL : Opcode 177: Timing mode == Instant/Limited and duration == 0
DEMOCHM.SPL : Opcode 177: Timing mode == Instant/Limited and duration == 0
DEMOCHM.SPL : Opcode 177: Timing mode == Instant/Limited and duration == 0
DEMOCHM.SPL : Opcode 177: Timing mode == Instant/Limited and duration == 0
DEMOCHM.SPL : Opcode 177: Timing mode == Instant/Limited and duration == 0
SPCL311.SPL : Opcode 177: Timing mode == Instant/Limited and duration == 0
SPCL311.SPL : Opcode 177: Timing mode == Instant/Limited and duration == 0
SPCL311.SPL : Opcode 177: Timing mode == Instant/Limited and duration == 0
SPCL311.SPL : Opcode 177: Timing mode == Instant/Limited and duration == 0
SPCL311.SPL : Opcode 177: Timing mode == Instant/Limited and duration == 0
SPCL311.SPL : Opcode 177: Timing mode == Instant/Limited and duration == 0
SPCL311.SPL : Opcode 177: Timing mode == Instant/Limited and duration == 0
SPCL311.SPL : Opcode 177: Timing mode == Instant/Limited and duration == 0
SPCL311.SPL : Opcode 177: Timing mode == Instant/Limited and duration == 0
SPCL311.SPL : Opcode 177: Timing mode == Instant/Limited and duration == 0
SPCL311.SPL : Opcode 177: Timing mode == Instant/Limited and duration == 0
SPCL311.SPL : Opcode 177: Timing mode == Instant/Limited and duration == 0
SPCL311.SPL : Opcode 177: Timing mode == Instant/Limited and duration == 0
SPCL311.SPL : Opcode 177: Timing mode == Instant/Limited and duration == 0
SPCL311.SPL : Opcode 177: Timing mode == Instant/Limited and duration == 0
SPCL311.SPL : Opcode 177: Timing mode == Instant/Limited and duration == 0
SPIN001.SPL : Opcode 135: Timing mode == Instant/Limited and duration == 0
SPIN104.SPL : Opcode 206: Timing mode == Instant/Limited and duration == 0
SPIN104.SPL : FAILURE: Not_found
SPIN106.SPL : Opcode 206: Timing mode == Instant/Limited and duration == 0
SPIN108.SPL : Opcode 177: Timing mode == Instant/Limited and duration == 0
SPIN108.SPL : Opcode 177: Timing mode == Instant/Limited and duration == 0
SPIN108.SPL : Opcode 177: Timing mode == Instant/Limited and duration == 0
SPIN108.SPL : Opcode 177: Timing mode == Instant/Limited and duration == 0
SPIN108.SPL : Opcode 177: Timing mode == Instant/Limited and duration == 0
SPIN108.SPL : Opcode 177: Timing mode == Instant/Limited and duration == 0
SPIN108.SPL : Opcode 177: Timing mode == Instant/Limited and duration == 0
SPIN108.SPL : Opcode 177: Timing mode == Instant/Limited and duration == 0
SPIN108.SPL : Opcode 177: Timing mode == Instant/Limited and duration == 0
SPIN108.SPL : Opcode 177: Timing mode == Instant/Limited and duration == 0
SPIN108.SPL : Opcode 177: Timing mode == Instant/Limited and duration == 0
SPIN108.SPL : Opcode 177: Timing mode == Instant/Limited and duration == 0
SPIN108.SPL : Opcode 177: Timing mode == Instant/Limited and duration == 0
SPIN108.SPL : Opcode 177: Timing mode == Instant/Limited and duration == 0
SPIN108.SPL : Opcode 177: Timing mode == Instant/Limited and duration == 0
SPIN108.SPL : Opcode 177: Timing mode == Instant/Limited and duration == 0
SPIN119.SPL : Opcode 177: Timing mode == Instant/Limited and duration == 0
SPIN119.SPL : Opcode 177: Timing mode == Instant/Limited and duration == 0
SPIN119.SPL : Opcode 177: Timing mode == Instant/Limited and duration == 0
SPIN119.SPL : Opcode 177: Timing mode == Instant/Limited and duration == 0
SPIN119.SPL : Opcode 177: Timing mode == Instant/Limited and duration == 0
SPIN119.SPL : Opcode 177: Timing mode == Instant/Limited and duration == 0
SPIN119.SPL : Opcode 177: Timing mode == Instant/Limited and duration == 0
SPIN119.SPL : Opcode 177: Timing mode == Instant/Limited and duration == 0
SPIN119.SPL : Opcode 177: Timing mode == Instant/Limited and duration == 0
SPIN119.SPL : Opcode 177: Timing mode == Instant/Limited and duration == 0
SPIN119.SPL : Opcode 177: Timing mode == Instant/Limited and duration == 0
SPIN119.SPL : Opcode 177: Timing mode == Instant/Limited and duration == 0
SPIN119.SPL : Opcode 177: Timing mode == Instant/Limited and duration == 0
SPIN119.SPL : Opcode 177: Timing mode == Instant/Limited and duration == 0
SPIN119.SPL : Opcode 177: Timing mode == Instant/Limited and duration == 0
SPIN119.SPL : Opcode 177: Timing mode == Instant/Limited and duration == 0
SPIN123.SPL : Opcode 111: Timing mode == Instant/Limited and duration == 0
SPIN124.SPL : Opcode 111: Timing mode == Instant/Limited and duration == 0
SPIN545.SPL : Opcode 206: Timing mode == Instant/Limited and duration == 0
SPINHUM.SPL : Opcode 111: Timing mode == Instant/Limited and duration == 0
SPPR102.SPL : Opcode 177: Timing mode == Instant/Limited and duration == 0
SPPR102.SPL : Opcode 177: Timing mode == Instant/Limited and duration == 0
SPPR102.SPL : Opcode 177: Timing mode == Instant/Limited and duration == 0
SPPR102.SPL : Opcode 177: Timing mode == Instant/Limited and duration == 0
SPPR102.SPL : Opcode 177: Timing mode == Instant/Limited and duration == 0
SPPR102.SPL : Opcode 177: Timing mode == Instant/Limited and duration == 0
SPPR102.SPL : Opcode 177: Timing mode == Instant/Limited and duration == 0
SPPR102.SPL : Opcode 177: Timing mode == Instant/Limited and duration == 0
SPPR204.SPL : Opcode 177: Timing mode == Instant/Limited and duration == 0
SPPR204.SPL : Opcode 177: Timing mode == Instant/Limited and duration == 0
SPPR204.SPL : Opcode 177: Timing mode == Instant/Limited and duration == 0
SPPR204.SPL : Opcode 177: Timing mode == Instant/Limited and duration == 0
SPPR204.SPL : Opcode 177: Timing mode == Instant/Limited and duration == 0
SPPR204.SPL : Opcode 177: Timing mode == Instant/Limited and duration == 0
SPPR204.SPL : Opcode 177: Timing mode == Instant/Limited and duration == 0
SPPR204.SPL : Opcode 177: Timing mode == Instant/Limited and duration == 0
SPPR204.SPL : Opcode 177: Timing mode == Instant/Limited and duration == 0
SPPR204.SPL : Opcode 177: Timing mode == Instant/Limited and duration == 0
SPPR204.SPL : Opcode 177: Timing mode == Instant/Limited and duration == 0
SPPR204.SPL : Opcode 177: Timing mode == Instant/Limited and duration == 0
SPPR204.SPL : Opcode 177: Timing mode == Instant/Limited and duration == 0
SPPR204.SPL : Opcode 177: Timing mode == Instant/Limited and duration == 0
SPPR204.SPL : Opcode 177: Timing mode == Instant/Limited and duration == 0
SPPR204.SPL : Opcode 177: Timing mode == Instant/Limited and duration == 0
SPPR303.SPL : Opcode 81: Les 2 parametres doivent avoir la valeur 0
SPPR512.SPL : Opcode 177: Timing mode == Instant/Limited and duration == 0
SPPR512.SPL : Opcode 177: Timing mode == Instant/Limited and duration == 0
SPPR512.SPL : Opcode 177: Timing mode == Instant/Limited and duration == 0
SPPR512.SPL : Opcode 177: Timing mode == Instant/Limited and duration == 0
SPPR512.SPL : Opcode 177: Timing mode == Instant/Limited and duration == 0
SPPR512.SPL : Opcode 177: Timing mode == Instant/Limited and duration == 0
SPPR512.SPL : Opcode 177: Timing mode == Instant/Limited and duration == 0
SPPR512.SPL : Opcode 177: Timing mode == Instant/Limited and duration == 0
SPPR512.SPL : Opcode 177: Timing mode == Instant/Limited and duration == 0
SPPR512.SPL : Opcode 177: Timing mode == Instant/Limited and duration == 0
SPPR512.SPL : Opcode 177: Timing mode == Instant/Limited and duration == 0
SPPR512.SPL : Opcode 177: Timing mode == Instant/Limited and duration == 0
SPPR512.SPL : Opcode 177: Timing mode == Instant/Limited and duration == 0
SPPR512.SPL : Opcode 177: Timing mode == Instant/Limited and duration == 0
SPPR512.SPL : Opcode 177: Timing mode == Instant/Limited and duration == 0
SPPR512.SPL : Opcode 177: Timing mode == Instant/Limited and duration == 0
SPPR512.SPL : Opcode 177: Timing mode == Instant/Limited and duration == 0
SPPR512.SPL : Opcode 177: Timing mode == Instant/Limited and duration == 0
SPPR512.SPL : Opcode 177: Timing mode == Instant/Limited and duration == 0
SPPR512.SPL : Opcode 177: Timing mode == Instant/Limited and duration == 0
SPPR512.SPL : Opcode 177: Timing mode == Instant/Limited and duration == 0
SPPR512.SPL : Opcode 177: Timing mode == Instant/Limited and duration == 0
SPPR512.SPL : Opcode 177: Timing mode == Instant/Limited and duration == 0
SPPR512.SPL : Opcode 177: Timing mode == Instant/Limited and duration == 0
SPPR512.SPL : Opcode 177: Timing mode == Instant/Limited and duration == 0
SPPR512.SPL : Opcode 177: Timing mode == Instant/Limited and duration == 0
SPPR512.SPL : Opcode 177: Timing mode == Instant/Limited and duration == 0
SPPR512.SPL : Opcode 177: Timing mode == Instant/Limited and duration == 0
SPPR512.SPL : Opcode 177: Timing mode == Instant/Limited and duration == 0
SPPR512.SPL : Opcode 177: Timing mode == Instant/Limited and duration == 0
SPPR512.SPL : Opcode 177: Timing mode == Instant/Limited and duration == 0
SPPR512.SPL : Opcode 177: Timing mode == Instant/Limited and duration == 0
SPPR512.SPL : Opcode 177: Timing mode == Instant/Limited and duration == 0
SPPR512.SPL : Opcode 177: Timing mode == Instant/Limited and duration == 0
SPPR512.SPL : Opcode 177: Timing mode == Instant/Limited and duration == 0
SPPR512.SPL : Opcode 177: Timing mode == Instant/Limited and duration == 0
SPPR512.SPL : Opcode 177: Timing mode == Instant/Limited and duration == 0
SPPR512.SPL : Opcode 177: Timing mode == Instant/Limited and duration == 0
SPPR512.SPL : Opcode 177: Timing mode == Instant/Limited and duration == 0
SPPR512.SPL : Opcode 177: Timing mode == Instant/Limited and duration == 0
SPPR512.SPL : Opcode 177: Timing mode == Instant/Limited and duration == 0
SPPR512.SPL : Opcode 177: Timing mode == Instant/Limited and duration == 0
SPPR512.SPL : Opcode 177: Timing mode == Instant/Limited and duration == 0
SPPR512.SPL : Opcode 177: Timing mode == Instant/Limited and duration == 0
SPPR512.SPL : Opcode 177: Timing mode == Instant/Limited and duration == 0
SPPR512.SPL : Opcode 177: Timing mode == Instant/Limited and duration == 0
SPPR512.SPL : Opcode 177: Timing mode == Instant/Limited and duration == 0
SPPR512.SPL : Opcode 177: Timing mode == Instant/Limited and duration == 0
SPPR512.SPL : Opcode 177: Timing mode == Instant/Limited and duration == 0
SPPR512.SPL : Opcode 177: Timing mode == Instant/Limited and duration == 0
SPPR512.SPL : Opcode 177: Timing mode == Instant/Limited and duration == 0
SPPR512.SPL : Opcode 177: Timing mode == Instant/Limited and duration == 0
SPPR512.SPL : Opcode 177: Timing mode == Instant/Limited and duration == 0
SPPR512.SPL : Opcode 177: Timing mode == Instant/Limited and duration == 0
SPPR512.SPL : Opcode 177: Timing mode == Instant/Limited and duration == 0
SPPR512.SPL : Opcode 177: Timing mode == Instant/Limited and duration == 0
SPPR512.SPL : Opcode 177: Timing mode == Instant/Limited and duration == 0
SPPR512.SPL : Opcode 177: Timing mode == Instant/Limited and duration == 0
SPPR512.SPL : Opcode 177: Timing mode == Instant/Limited and duration == 0
SPPR512.SPL : Opcode 177: Timing mode == Instant/Limited and duration == 0
SPPR512.SPL : Opcode 177: Timing mode == Instant/Limited and duration == 0
SPPR512.SPL : Opcode 177: Timing mode == Instant/Limited and duration == 0
SPPR512.SPL : Opcode 177: Timing mode == Instant/Limited and duration == 0
SPPR512.SPL : Opcode 177: Timing mode == Instant/Limited and duration == 0
SPPR512.SPL : Opcode 177: Timing mode == Instant/Limited and duration == 0
SPPR512.SPL : Opcode 177: Timing mode == Instant/Limited and duration == 0
SPPR512.SPL : Opcode 177: Timing mode == Instant/Limited and duration == 0
SPPR512.SPL : Opcode 177: Timing mode == Instant/Limited and duration == 0
SPPR512.SPL : Opcode 177: Timing mode == Instant/Limited and duration == 0
SPPR512.SPL : Opcode 177: Timing mode == Instant/Limited and duration == 0
SPPR512.SPL : Opcode 177: Timing mode == Instant/Limited and duration == 0
SPPR512.SPL : Opcode 177: Timing mode == Instant/Limited and duration == 0
SPPR512.SPL : Opcode 177: Timing mode == Instant/Limited and duration == 0
SPPR512.SPL : Opcode 177: Timing mode == Instant/Limited and duration == 0
SPPR512.SPL : Opcode 177: Timing mode == Instant/Limited and duration == 0
SPPR512.SPL : Opcode 177: Timing mode == Instant/Limited and duration == 0
SPPR512.SPL : Opcode 177: Timing mode == Instant/Limited and duration == 0
SPPR512.SPL : Opcode 177: Timing mode == Instant/Limited and duration == 0
SPPR512.SPL : Opcode 177: Timing mode == Instant/Limited and duration == 0
SPPR512.SPL : Opcode 177: Timing mode == Instant/Limited and duration == 0
SPPR512.SPL : Opcode 177: Timing mode == Instant/Limited and duration == 0
SPPR512.SPL : Opcode 177: Timing mode == Instant/Limited and duration == 0
SPPR512.SPL : Opcode 177: Timing mode == Instant/Limited and duration == 0
SPPR512.SPL : Opcode 177: Timing mode == Instant/Limited and duration == 0
SPPR512.SPL : Opcode 177: Timing mode == Instant/Limited and duration == 0
SPPR512.SPL : Opcode 177: Timing mode == Instant/Limited and duration == 0
SPPR512.SPL : Opcode 177: Timing mode == Instant/Limited and duration == 0
SPPR512.SPL : Opcode 177: Timing mode == Instant/Limited and duration == 0
SPPR512.SPL : Opcode 177: Timing mode == Instant/Limited and duration == 0
SPPR512.SPL : Opcode 177: Timing mode == Instant/Limited and duration == 0
SPPR512.SPL : Opcode 177: Timing mode == Instant/Limited and duration == 0
SPPR512.SPL : Opcode 177: Timing mode == Instant/Limited and duration == 0
SPPR512.SPL : Opcode 177: Timing mode == Instant/Limited and duration == 0
SPPR512.SPL : Opcode 177: Timing mode == Instant/Limited and duration == 0
SPPR512.SPL : Opcode 177: Timing mode == Instant/Limited and duration == 0
SPPR512.SPL : Opcode 177: Timing mode == Instant/Limited and duration == 0
SPWI104.SPL : Opcode 177: Timing mode == Instant/Limited and duration == 0
SPWI104.SPL : Opcode 177: Timing mode == Instant/Limited and duration == 0
SPWI104.SPL : Opcode 177: Timing mode == Instant/Limited and duration == 0
SPWI104.SPL : Opcode 177: Timing mode == Instant/Limited and duration == 0
SPWI104.SPL : Opcode 177: Timing mode == Instant/Limited and duration == 0
SPWI104.SPL : Opcode 177: Timing mode == Instant/Limited and duration == 0
SPWI104.SPL : Opcode 177: Timing mode == Instant/Limited and duration == 0
SPWI104.SPL : Opcode 177: Timing mode == Instant/Limited and duration == 0
SPWI104.SPL : Opcode 177: Timing mode == Instant/Limited and duration == 0
SPWI104.SPL : Opcode 177: Timing mode == Instant/Limited and duration == 0
SPWI104.SPL : Opcode 177: Timing mode == Instant/Limited and duration == 0
SPWI104.SPL : Opcode 177: Timing mode == Instant/Limited and duration == 0
SPWI104.SPL : Opcode 177: Timing mode == Instant/Limited and duration == 0
SPWI104.SPL : Opcode 177: Timing mode == Instant/Limited and duration == 0
SPWI104.SPL : Opcode 177: Timing mode == Instant/Limited and duration == 0
SPWI104.SPL : Opcode 177: Timing mode == Instant/Limited and duration == 0
SPWI116.SPL : Opcode 177: Timing mode == Instant/Limited and duration == 0
SPWI116.SPL : Opcode 177: Timing mode == Instant/Limited and duration == 0
SPWI116.SPL : Opcode 177: Timing mode == Instant/Limited and duration == 0
SPWI116.SPL : Opcode 177: Timing mode == Instant/Limited and duration == 0
SPWI116.SPL : Opcode 177: Timing mode == Instant/Limited and duration == 0
SPWI116.SPL : Opcode 177: Timing mode == Instant/Limited and duration == 0
SPWI116.SPL : Opcode 177: Timing mode == Instant/Limited and duration == 0
SPWI116.SPL : Opcode 177: Timing mode == Instant/Limited and duration == 0
SPWI116.SPL : Opcode 177: Timing mode == Instant/Limited and duration == 0
SPWI116.SPL : Opcode 177: Timing mode == Instant/Limited and duration == 0
SPWI116.SPL : Opcode 177: Timing mode == Instant/Limited and duration == 0
SPWI116.SPL : Opcode 177: Timing mode == Instant/Limited and duration == 0
SPWI116.SPL : Opcode 177: Timing mode == Instant/Limited and duration == 0
SPWI116.SPL : Opcode 177: Timing mode == Instant/Limited and duration == 0
SPWI116.SPL : Opcode 177: Timing mode == Instant/Limited and duration == 0
SPWI116.SPL : Opcode 177: Timing mode == Instant/Limited and duration == 0
SPWI116.SPL : Opcode 177: Timing mode == Instant/Limited and duration == 0
SPWI116.SPL : Opcode 177: Timing mode == Instant/Limited and duration == 0
SPWI116.SPL : Opcode 177: Timing mode == Instant/Limited and duration == 0
SPWI116.SPL : Opcode 177: Timing mode == Instant/Limited and duration == 0
SPWI116.SPL : Opcode 177: Timing mode == Instant/Limited and duration == 0
SPWI116.SPL : Opcode 177: Timing mode == Instant/Limited and duration == 0
SPWI116.SPL : Opcode 177: Timing mode == Instant/Limited and duration == 0
SPWI116.SPL : Opcode 177: Timing mode == Instant/Limited and duration == 0
SPWI116.SPL : Opcode 177: Timing mode == Instant/Limited and duration == 0
SPWI116.SPL : Opcode 177: Timing mode == Instant/Limited and duration == 0
SPWI116.SPL : Opcode 177: Timing mode == Instant/Limited and duration == 0
SPWI116.SPL : Opcode 177: Timing mode == Instant/Limited and duration == 0
SPWI116.SPL : Opcode 177: Timing mode == Instant/Limited and duration == 0
SPWI116.SPL : Opcode 177: Timing mode == Instant/Limited and duration == 0
SPWI116.SPL : Opcode 177: Timing mode == Instant/Limited and duration == 0
SPWI116.SPL : Opcode 177: Timing mode == Instant/Limited and duration == 0
SPWI116.SPL : Opcode 177: Timing mode == Instant/Limited and duration == 0
SPWI116.SPL : Opcode 177: Timing mode == Instant/Limited and duration == 0
SPWI116.SPL : Opcode 177: Timing mode == Instant/Limited and duration == 0
SPWI116.SPL : Opcode 177: Timing mode == Instant/Limited and duration == 0
SPWI116.SPL : Opcode 177: Timing mode == Instant/Limited and duration == 0
SPWI116.SPL : Opcode 177: Timing mode == Instant/Limited and duration == 0
SPWI116.SPL : Opcode 177: Timing mode == Instant/Limited and duration == 0
SPWI116.SPL : Opcode 177: Timing mode == Instant/Limited and duration == 0
SPWI116.SPL : Opcode 177: Timing mode == Instant/Limited and duration == 0
SPWI116.SPL : Opcode 177: Timing mode == Instant/Limited and duration == 0
SPWI116.SPL : Opcode 177: Timing mode == Instant/Limited and duration == 0
SPWI116.SPL : Opcode 177: Timing mode == Instant/Limited and duration == 0
SPWI116.SPL : Opcode 177: Timing mode == Instant/Limited and duration == 0
SPWI116.SPL : Opcode 177: Timing mode == Instant/Limited and duration == 0
SPWI116.SPL : Opcode 177: Timing mode == Instant/Limited and duration == 0
SPWI116.SPL : Opcode 177: Timing mode == Instant/Limited and duration == 0
SPWI116.SPL : Opcode 177: Timing mode == Instant/Limited and duration == 0
SPWI116.SPL : Opcode 177: Timing mode == Instant/Limited and duration == 0
SPWI116.SPL : Opcode 177: Timing mode == Instant/Limited and duration == 0
SPWI116.SPL : Opcode 177: Timing mode == Instant/Limited and duration == 0
SPWI116.SPL : Opcode 177: Timing mode == Instant/Limited and duration == 0
SPWI116.SPL : Opcode 177: Timing mode == Instant/Limited and duration == 0
SPWI116.SPL : Opcode 177: Timing mode == Instant/Limited and duration == 0
SPWI116.SPL : Opcode 177: Timing mode == Instant/Limited and duration == 0
SPWI116.SPL : Opcode 177: Timing mode == Instant/Limited and duration == 0
SPWI116.SPL : Opcode 177: Timing mode == Instant/Limited and duration == 0
SPWI116.SPL : Opcode 177: Timing mode == Instant/Limited and duration == 0
SPWI116.SPL : Opcode 177: Timing mode == Instant/Limited and duration == 0
SPWI116.SPL : Opcode 177: Timing mode == Instant/Limited and duration == 0
SPWI116.SPL : Opcode 177: Timing mode == Instant/Limited and duration == 0
SPWI116.SPL : Opcode 177: Timing mode == Instant/Limited and duration == 0
SPWI116.SPL : Opcode 177: Timing mode == Instant/Limited and duration == 0
SPWI116.SPL : Opcode 177: Timing mode == Instant/Limited and duration == 0
SPWI116.SPL : Opcode 177: Timing mode == Instant/Limited and duration == 0
SPWI116.SPL : Opcode 177: Timing mode == Instant/Limited and duration == 0
SPWI116.SPL : Opcode 177: Timing mode == Instant/Limited and duration == 0
SPWI116.SPL : Opcode 177: Timing mode == Instant/Limited and duration == 0
SPWI116.SPL : Opcode 177: Timing mode == Instant/Limited and duration == 0
SPWI116.SPL : Opcode 177: Timing mode == Instant/Limited and duration == 0
SPWI116.SPL : Opcode 177: Timing mode == Instant/Limited and duration == 0
SPWI116.SPL : Opcode 177: Timing mode == Instant/Limited and duration == 0
SPWI116.SPL : Opcode 177: Timing mode == Instant/Limited and duration == 0
SPWI116.SPL : Opcode 177: Timing mode == Instant/Limited and duration == 0
SPWI116.SPL : Opcode 177: Timing mode == Instant/Limited and duration == 0
SPWI116.SPL : Opcode 177: Timing mode == Instant/Limited and duration == 0
SPWI116.SPL : Opcode 177: Timing mode == Instant/Limited and duration == 0
SPWI116.SPL : Opcode 177: Timing mode == Instant/Limited and duration == 0
SPWI116.SPL : Opcode 177: Timing mode == Instant/Limited and duration == 0
SPWI116.SPL : Opcode 177: Timing mode == Instant/Limited and duration == 0
SPWI116.SPL : Opcode 177: Timing mode == Instant/Limited and duration == 0
SPWI116.SPL : Opcode 177: Timing mode == Instant/Limited and duration == 0
SPWI116.SPL : Opcode 177: Timing mode == Instant/Limited and duration == 0
SPWI116.SPL : Opcode 177: Timing mode == Instant/Limited and duration == 0
SPWI116.SPL : Opcode 177: Timing mode == Instant/Limited and duration == 0
SPWI116.SPL : Opcode 177: Timing mode == Instant/Limited and duration == 0
SPWI116.SPL : Opcode 177: Timing mode == Instant/Limited and duration == 0
SPWI116.SPL : Opcode 177: Timing mode == Instant/Limited and duration == 0
SPWI116.SPL : Opcode 177: Timing mode == Instant/Limited and duration == 0
SPWI116.SPL : Opcode 177: Timing mode == Instant/Limited and duration == 0
SPWI116.SPL : Opcode 177: Timing mode == Instant/Limited and duration == 0
SPWI116.SPL : Opcode 177: Timing mode == Instant/Limited and duration == 0
SPWI116.SPL : Opcode 177: Timing mode == Instant/Limited and duration == 0
SPWI116.SPL : Opcode 177: Timing mode == Instant/Limited and duration == 0
SPWI116.SPL : Opcode 177: Timing mode == Instant/Limited and duration == 0
SPWI116.SPL : Opcode 177: Timing mode == Instant/Limited and duration == 0
SPWI116.SPL : Opcode 177: Timing mode == Instant/Limited and duration == 0
SPWI116.SPL : Opcode 177: Timing mode == Instant/Limited and duration == 0
SPWI116.SPL : Opcode 177: Timing mode == Instant/Limited and duration == 0
SPWI116.SPL : Opcode 177: Timing mode == Instant/Limited and duration == 0
SPWI116.SPL : Opcode 177: Timing mode == Instant/Limited and duration == 0
SPWI116.SPL : Opcode 177: Timing mode == Instant/Limited and duration == 0
SPWI116.SPL : Opcode 177: Timing mode == Instant/Limited and duration == 0
SPWI116.SPL : Opcode 177: Timing mode == Instant/Limited and duration == 0
SPWI116.SPL : Opcode 177: Timing mode == Instant/Limited and duration == 0
SPWI116.SPL : Opcode 177: Timing mode == Instant/Limited and duration == 0
SPWI116.SPL : Opcode 177: Timing mode == Instant/Limited and duration == 0
SPWI116.SPL : Opcode 177: Timing mode == Instant/Limited and duration == 0
SPWI116.SPL : Opcode 177: Timing mode == Instant/Limited and duration == 0
SPWI116.SPL : Opcode 177: Timing mode == Instant/Limited and duration == 0
SPWI116.SPL : Opcode 177: Timing mode == Instant/Limited and duration == 0
SPWI116.SPL : Opcode 177: Timing mode == Instant/Limited and duration == 0
SPWI116.SPL : Opcode 177: Timing mode == Instant/Limited and duration == 0
SPWI116.SPL : Opcode 177: Timing mode == Instant/Limited and duration == 0
SPWI116.SPL : Opcode 177: Timing mode == Instant/Limited and duration == 0
SPWI116.SPL : Opcode 177: Timing mode == Instant/Limited and duration == 0
SPWI116.SPL : Opcode 177: Timing mode == Instant/Limited and duration == 0
SPWI116.SPL : Opcode 177: Timing mode == Instant/Limited and duration == 0
SPWI116.SPL : Opcode 177: Timing mode == Instant/Limited and duration == 0
SPWI116.SPL : Opcode 177: Timing mode == Instant/Limited and duration == 0
SPWI116.SPL : Opcode 177: Timing mode == Instant/Limited and duration == 0
SPWI116.SPL : Opcode 177: Timing mode == Instant/Limited and duration == 0
SPWI116.SPL : Opcode 177: Timing mode == Instant/Limited and duration == 0
SPWI116.SPL : Opcode 177: Timing mode == Instant/Limited and duration == 0
SPWI116.SPL : Opcode 177: Timing mode == Instant/Limited and duration == 0
SPWI116.SPL : Opcode 177: Timing mode == Instant/Limited and duration == 0
SPWI116.SPL : Opcode 177: Timing mode == Instant/Limited and duration == 0
SPWI116.SPL : Opcode 177: Timing mode == Instant/Limited and duration == 0
SPWI116.SPL : Opcode 177: Timing mode == Instant/Limited and duration == 0
SPWI116.SPL : Opcode 177: Timing mode == Instant/Limited and duration == 0
SPWI116.SPL : Opcode 177: Timing mode == Instant/Limited and duration == 0
SPWI116.SPL : Opcode 177: Timing mode == Instant/Limited and duration == 0
SPWI116.SPL : Opcode 177: Timing mode == Instant/Limited and duration == 0
SPWI116.SPL : Opcode 177: Timing mode == Instant/Limited and duration == 0
SPWI116.SPL : Opcode 177: Timing mode == Instant/Limited and duration == 0
SPWI116.SPL : Opcode 177: Timing mode == Instant/Limited and duration == 0
SPWI116.SPL : Opcode 177: Timing mode == Instant/Limited and duration == 0
SPWI116.SPL : Opcode 177: Timing mode == Instant/Limited and duration == 0
SPWI116.SPL : Opcode 177: Timing mode == Instant/Limited and duration == 0
SPWI116.SPL : Opcode 177: Timing mode == Instant/Limited and duration == 0
SPWI116.SPL : Opcode 177: Timing mode == Instant/Limited and duration == 0
SPWI116.SPL : Opcode 177: Timing mode == Instant/Limited and duration == 0
SPWI116.SPL : Opcode 177: Timing mode == Instant/Limited and duration == 0
SPWI116.SPL : Opcode 177: Timing mode == Instant/Limited and duration == 0
SPWI116.SPL : Opcode 177: Timing mode == Instant/Limited and duration == 0
SPWI116.SPL : Opcode 177: Timing mode == Instant/Limited and duration == 0
SPWI116.SPL : Opcode 177: Timing mode == Instant/Limited and duration == 0
SPWI116.SPL : Opcode 177: Timing mode == Instant/Limited and duration == 0
SPWI116.SPL : Opcode 177: Timing mode == Instant/Limited and duration == 0
SPWI116.SPL : Opcode 177: Timing mode == Instant/Limited and duration == 0
SPWI116.SPL : Opcode 177: Timing mode == Instant/Limited and duration == 0
SPWI116.SPL : Opcode 177: Timing mode == Instant/Limited and duration == 0
SPWI116.SPL : Opcode 177: Timing mode == Instant/Limited and duration == 0
SPWI116.SPL : Opcode 177: Timing mode == Instant/Limited and duration == 0
SPWI116.SPL : Opcode 177: Timing mode == Instant/Limited and duration == 0
SPWI116.SPL : Opcode 177: Timing mode == Instant/Limited and duration == 0
SPWI116.SPL : Opcode 177: Timing mode == Instant/Limited and duration == 0
SPWI116.SPL : Opcode 177: Timing mode == Instant/Limited and duration == 0
SPWI116.SPL : Opcode 177: Timing mode == Instant/Limited and duration == 0
SPWI119.SPL : Opcode 206: Timing mode == Instant/Limited and duration == 0
SPWI302.SPL : Opcode 77: Les 2 parametres doivent avoir la valeur 0
SPWI302.SPL : Opcode 81: Les 2 parametres doivent avoir la valeur 0
SPWI314.SPL : Opcode 206: Timing mode == Instant/Limited and duration == 0
SPWI316.SPL : Opcode 177: Timing mode == Instant/Limited and duration == 0
SPWI316.SPL : Opcode 177: Timing mode == Instant/Limited and duration == 0
SPWI316.SPL : Opcode 177: Timing mode == Instant/Limited and duration == 0
SPWI316.SPL : Opcode 177: Timing mode == Instant/Limited and duration == 0
SPWI316.SPL : Opcode 177: Timing mode == Instant/Limited and duration == 0
SPWI316.SPL : Opcode 177: Timing mode == Instant/Limited and duration == 0
SPWI316.SPL : Opcode 177: Timing mode == Instant/Limited and duration == 0
SPWI316.SPL : Opcode 177: Timing mode == Instant/Limited and duration == 0
SPWI316.SPL : Opcode 177: Timing mode == Instant/Limited and duration == 0
SPWI316.SPL : Opcode 177: Timing mode == Instant/Limited and duration == 0
SPWI316.SPL : Opcode 177: Timing mode == Instant/Limited and duration == 0
SPWI316.SPL : Opcode 177: Timing mode == Instant/Limited and duration == 0
SPWI316.SPL : Opcode 177: Timing mode == Instant/Limited and duration == 0
SPWI316.SPL : Opcode 177: Timing mode == Instant/Limited and duration == 0
SPWI316.SPL : Opcode 177: Timing mode == Instant/Limited and duration == 0
SPWI316.SPL : Opcode 177: Timing mode == Instant/Limited and duration == 0
SPWI326.SPL : Opcode 81: Les 2 parametres doivent avoir la valeur 0
SPWI506.SPL : Opcode 177: Timing mode == Instant/Limited and duration == 0
SPWI506.SPL : Opcode 177: Timing mode == Instant/Limited and duration == 0
SPWI506.SPL : Opcode 177: Timing mode == Instant/Limited and duration == 0
SPWI506.SPL : Opcode 177: Timing mode == Instant/Limited and duration == 0
SPWI506.SPL : Opcode 177: Timing mode == Instant/Limited and duration == 0
SPWI506.SPL : Opcode 177: Timing mode == Instant/Limited and duration == 0
SPWI506.SPL : Opcode 177: Timing mode == Instant/Limited and duration == 0
SPWI506.SPL : Opcode 177: Timing mode == Instant/Limited and duration == 0
SPWI506.SPL : Opcode 177: Timing mode == Instant/Limited and duration == 0
SPWI506.SPL : Opcode 177: Timing mode == Instant/Limited and duration == 0
SPWI506.SPL : Opcode 177: Timing mode == Instant/Limited and duration == 0
SPWI506.SPL : Opcode 177: Timing mode == Instant/Limited and duration == 0
SPWI506.SPL : Opcode 177: Timing mode == Instant/Limited and duration == 0
SPWI506.SPL : Opcode 177: Timing mode == Instant/Limited and duration == 0
SPWI506.SPL : Opcode 177: Timing mode == Instant/Limited and duration == 0
SPWI506.SPL : Opcode 177: Timing mode == Instant/Limited and duration == 0
SPWI943.SPL : Opcode 177: Timing mode == Instant/Limited and duration == 0
SPWI943.SPL : Opcode 177: Timing mode == Instant/Limited and duration == 0
SPWI943.SPL : Opcode 177: Timing mode == Instant/Limited and duration == 0
SPWI943.SPL : Opcode 177: Timing mode == Instant/Limited and duration == 0
SPWI943.SPL : Opcode 177: Timing mode == Instant/Limited and duration == 0
SPWI943.SPL : Opcode 177: Timing mode == Instant/Limited and duration == 0
SPWI943.SPL : Opcode 177: Timing mode == Instant/Limited and duration == 0
SPWI943.SPL : Opcode 177: Timing mode == Instant/Limited and duration == 0
SPWI943.SPL : Opcode 177: Timing mode == Instant/Limited and duration == 0
SPWI943.SPL : Opcode 177: Timing mode == Instant/Limited and duration == 0
SPWI943.SPL : Opcode 177: Timing mode == Instant/Limited and duration == 0
SPWI943.SPL : Opcode 177: Timing mode == Instant/Limited and duration == 0
SPWI943.SPL : Opcode 177: Timing mode == Instant/Limited and duration == 0
SPWI943.SPL : Opcode 177: Timing mode == Instant/Limited and duration == 0
SPWI943.SPL : Opcode 177: Timing mode == Instant/Limited and duration == 0
SPWI943.SPL : Opcode 177: Timing mode == Instant/Limited and duration == 0
SPWISH25.SPL : Cible à gerer : 6 
SPWM179.SPL : Opcode 177: Timing mode == Instant/Limited and duration == 0
SPWM179.SPL : Opcode 177: Timing mode == Instant/Limited and duration == 0
SPWM179.SPL : Opcode 177: Timing mode == Instant/Limited and duration == 0
SPWM179.SPL : Opcode 177: Timing mode == Instant/Limited and duration == 0
SPWM179.SPL : Opcode 177: Timing mode == Instant/Limited and duration == 0
SPWM179.SPL : Opcode 177: Timing mode == Instant/Limited and duration == 0
SPWM179.SPL : Opcode 177: Timing mode == Instant/Limited and duration == 0
SPWM179.SPL : Opcode 177: Timing mode == Instant/Limited and duration == 0
SPWM179.SPL : Opcode 177: Timing mode == Instant/Limited and duration == 0
SPWM179.SPL : Opcode 177: Timing mode == Instant/Limited and duration == 0
SPWM179.SPL : Opcode 177: Timing mode == Instant/Limited and duration == 0
SPWM179.SPL : Opcode 177: Timing mode == Instant/Limited and duration == 0
SPWM179.SPL : Opcode 177: Timing mode == Instant/Limited and duration == 0
SPWM179.SPL : Opcode 177: Timing mode == Instant/Limited and duration == 0
SPWM179.SPL : Opcode 177: Timing mode == Instant/Limited and duration == 0
SPWM179.SPL : Opcode 177: Timing mode == Instant/Limited and duration == 0
SPWM187.SPL : Opcode 177: Timing mode == Instant/Limited and duration == 0
SPWM187.SPL : Opcode 177: Timing mode == Instant/Limited and duration == 0
SPWM187.SPL : Opcode 177: Timing mode == Instant/Limited and duration == 0
SPWM187.SPL : Opcode 177: Timing mode == Instant/Limited and duration == 0
SPWM187.SPL : Opcode 177: Timing mode == Instant/Limited and duration == 0
SPWM187.SPL : Opcode 177: Timing mode == Instant/Limited and duration == 0
SPWM187.SPL : Opcode 177: Timing mode == Instant/Limited and duration == 0
SPWM187.SPL : Opcode 177: Timing mode == Instant/Limited and duration == 0
SW2H10DM.SPL : Opcode 77: Les 2 parametres doivent avoir la valeur 0
SW2H10DM.SPL : Opcode 81: Les 2 parametres doivent avoir la valeur 0
