
BHAAL1B.SPL : Niveau minimum non calculable
BHAAL1B.SPL : Niveau minimum non calculable
SPCL103.SPL : Niveau minimum non calculable
SPCL103.SPL : Niveau minimum non calculable
SPCL103.SPL : Niveau minimum non calculable
SPCL103.SPL : Niveau minimum non calculable
SPCL103.SPL : Niveau minimum non calculable
SPCL121.SPL : Opcode 54: Invalid target : 255
SPCL121.SPL : Opcode 44: Invalid target : 255
SPCL121.SPL : Opcode 12: Invalid target : 255
SPCL238.SPL : Niveau minimum non calculable
SPCL238.SPL : Niveau minimum non calculable
SPCL622.SPL : Niveau minimum non calculable
SPCL623.SPL : Niveau minimum non calculable
SPCL624.SPL : Niveau minimum non calculable
SPCL625.SPL : Niveau minimum non calculable
SPDR101.SPL : Niveau minimum non calculable
SPDR101.SPL : Niveau minimum non calculable
SPPR411.SPL : Niveau minimum non calculable
SPPR411.SPL : Niveau minimum non calculable
SPPR411.SPL : Niveau minimum non calculable
SPPR411.SPL : Niveau minimum non calculable
SPPR411.SPL : Niveau minimum non calculable
SPPR411.SPL : Niveau minimum non calculable
SPPR411.SPL : Niveau minimum non calculable
SPPR411.SPL : Niveau minimum non calculable
SPWI118.SPL : Niveau minimum non calculable
SPWI118.SPL : Niveau minimum non calculable
SPWI417.SPL : FAILURE: Unknown macro: opcode_target_345
SPWI960.SPL : Opcode 318 : Immunité à contre le sort Souffle psionique différente de l'objet : SPIN959
