
1STAFM0.SPL : Niveau minimum non calculable
1STAFM0B.SPL : Niveau minimum non calculable
1STAFM0C.SPL : Niveau minimum non calculable
1STAFM0D.SPL : Niveau minimum non calculable
1STAFM0E.SPL : Niveau minimum non calculable
1STAFM1.SPL : Niveau minimum non calculable
1TARSS.SPL : Niveau minimum non calculable
1TARSS.SPL : Niveau minimum non calculable
1TARSS.SPL : Niveau minimum non calculable
BDBLESS.SPL : Niveau minimum non calculable
BDCAELA3.SPL : Niveau minimum non calculable
BDCAELA4.SPL : Niveau minimum non calculable
BDCAELA5.SPL : Niveau minimum non calculable
BDELEFIR.SPL : Niveau minimum non calculable
BDSPL01.SPL : Niveau minimum non calculable
BDSTATUE.SPL : Niveau minimum non calculable
BDZHADRO.SPL : Niveau minimum non calculable
BPDISPEL.SPL : Niveau minimum non calculable
BPLYKSUM.SPL : Niveau minimum non calculable
CDDETECT.SPL : FAILURE: Not_found
MARW401.SPL : Niveau minimum non calculable
MDK2SUMM.SPL : Niveau minimum non calculable
OHTMPS1.SPL : Niveau minimum non calculable
OHTMPS2.SPL : Niveau minimum non calculable
OHTMPS2.SPL : FAILURE: opcode 146: Not_found
OHTMPS2.SPL : FAILURE: Failure("Opcode 146: Not_found")
OHTYR1.SPL : Niveau minimum non calculable
SPBD003A.SPL : FAILURE: Unknown macro: opcode_target_316
SPBLUN29.SPL : Niveau minimum non calculable
SPBP0001.SPL : Niveau minimum non calculable
SPCL102.SPL : Niveau minimum non calculable
SPCL102.SPL : FAILURE: opcode 146: Not_found
SPCL102.SPL : FAILURE: Failure("Opcode 146: Not_found")
SPCL103.SPL : Niveau minimum non calculable
SPCL104.SPL : Niveau minimum non calculable
SPCL121.SPL : Opcode 54: Invalid target : 255
SPCL121.SPL : Opcode 54: Invalid target : 255
SPCL121.SPL : Opcode 54: Invalid target : 255
SPCL121.SPL : Opcode 54: Invalid target : 255
SPCL121.SPL : Opcode 44: Invalid target : 255
SPCL121.SPL : Opcode 54: Invalid target : 255
SPCL121.SPL : Opcode 44: Invalid target : 255
SPCL121.SPL : Opcode 12: Invalid target : 255
SPCL144.SPL : Niveau minimum non calculable
SPCL152.SPL : Niveau minimum non calculable
SPCL152.SPL : FAILURE: opcode 146: Not_found
SPCL152.SPL : FAILURE: Failure("Opcode 146: Not_found")
SPCL212.SPL : Niveau minimum non calculable
SPCL212.SPL : FAILURE: opcode 146: Not_found
SPCL212.SPL : FAILURE: Failure("Opcode 146: Not_found")
SPCL213.SPL : Niveau minimum non calculable
SPCL222.SPL : Niveau minimum non calculable
SPCL232.SPL : Niveau minimum non calculable
SPCL232.SPL : FAILURE: opcode 146: Not_found
SPCL232.SPL : FAILURE: Failure("Opcode 146: Not_found")
SPCL233.SPL : Niveau minimum non calculable
SPCL233.SPL : Niveau minimum non calculable
SPCL233.SPL : Niveau minimum non calculable
SPCL237.SPL : Niveau minimum non calculable
SPCL237.SPL : Niveau minimum non calculable
SPCL237.SPL : Niveau minimum non calculable
SPCL237.SPL : Niveau minimum non calculable
SPCL238.SPL : Niveau minimum non calculable
SPCL239.SPL : Niveau minimum non calculable
SPCL239.SPL : FAILURE: opcode 146: Not_found
SPCL239.SPL : FAILURE: Failure("Opcode 146: Not_found")
SPCL311.SPL : Niveau minimum non calculable
SPCL321.SPL : Niveau minimum non calculable
SPCL321.SPL : FAILURE: opcode 146: Not_found
SPCL321.SPL : FAILURE: Failure("Opcode 146: Not_found")
SPCL342.SPL : Niveau minimum non calculable
SPCL412.SPL : Niveau minimum non calculable
SPCL414.SPL : Niveau minimum non calculable
SPCL423.SPL : Niveau minimum non calculable
SPCL423.SPL : FAILURE: opcode 146: Not_found
SPCL423.SPL : FAILURE: opcode 248: Failure("Opcode 146: Not_found")
SPCL423.SPL : FAILURE: Failure("Opcode 248: Failure(\"Opcode 146: Not_found\")")
SPCL521.SPL : Niveau minimum non calculable
SPCL611.SPL : Niveau minimum non calculable
SPCL612.SPL : Niveau minimum non calculable
SPCL613.SPL : Niveau minimum non calculable
SPCL621.SPL : Niveau minimum non calculable
SPCL622.SPL : Niveau minimum non calculable
SPCL623.SPL : Niveau minimum non calculable
SPCL624.SPL : Niveau minimum non calculable
SPCL625.SPL : Niveau minimum non calculable
SPCL632.SPL : Niveau minimum non calculable
SPCL633.SPL : Niveau minimum non calculable
SPCL634.SPL : Niveau minimum non calculable
SPCL641.SPL : Niveau minimum non calculable
SPCL643.SPL : Niveau minimum non calculable
SPCL644.SPL : Niveau minimum non calculable
SPCL721.SPL : Niveau minimum non calculable
SPCL721.SPL : Niveau minimum non calculable
SPCL721.SPL : Niveau minimum non calculable
SPCL721.SPL : Niveau minimum non calculable
SPCL721.SPL : Niveau minimum non calculable
SPCL721.SPL : Niveau minimum non calculable
SPCL721.SPL : Niveau minimum non calculable
SPCL721.SPL : Niveau minimum non calculable
SPCL721.SPL : Niveau minimum non calculable
SPCL721.SPL : Niveau minimum non calculable
SPCL721.SPL : Niveau minimum non calculable
SPCL721.SPL : Niveau minimum non calculable
SPCL721.SPL : Niveau minimum non calculable
SPCL721.SPL : Niveau minimum non calculable
SPCL721.SPL : Niveau minimum non calculable
SPCL721.SPL : Opcode 83 : Réflection du type de projectile '329'
SPCL721.SPL : Opcode 83 : Réflection du type de projectile '329'
SPCL721.SPL : Opcode 83 : Réflection du type de projectile '329'
SPCL721.SPL : Opcode 83 : Réflection du type de projectile '329'
SPCL721.SPL : Opcode 83 : Réflection du type de projectile '329'
SPCL721.SPL : Opcode 83 : Réflection du type de projectile '329'
SPCL721.SPL : Opcode 83 : Réflection du type de projectile '329'
SPCL721.SPL : Opcode 83 : Réflection du type de projectile '329'
SPCL721.SPL : Opcode 83 : Réflection du type de projectile '329'
SPCL721.SPL : Opcode 83 : Réflection du type de projectile '329'
SPCL721.SPL : Opcode 83 : Réflection du type de projectile '329'
SPCL721.SPL : Opcode 83 : Réflection du type de projectile '329'
SPCL721.SPL : Opcode 83 : Réflection du type de projectile '329'
SPCL721.SPL : Opcode 83 : Réflection du type de projectile '329'
SPCL721.SPL : Opcode 83 : Réflection du type de projectile '329'
SPCL721.SPL : Opcode 83 : Réflection du type de projectile '329'
SPCL721.SPL : Opcode 83 : Réflection du type de projectile '329'
SPCL721.SPL : Opcode 83 : Réflection du type de projectile '329'
SPCL721.SPL : Opcode 83 : Réflection du type de projectile '329'
SPCL721.SPL : Opcode 83 : Réflection du type de projectile '329'
SPCL721.SPL : Opcode 83 : Réflection du type de projectile '329'
SPCL731.SPL : Niveau minimum non calculable
SPCL732.SPL : Niveau minimum non calculable
SPCL732.SPL : FAILURE: opcode 146: Not_found
SPCL732.SPL : FAILURE: Failure("Opcode 146: Not_found")
SPCL741.SPL : Niveau minimum non calculable
SPCL741.SPL : Niveau minimum non calculable
SPCL741.SPL : Niveau minimum non calculable
SPCL741.SPL : Niveau minimum non calculable
SPCL741.SPL : Niveau minimum non calculable
SPCL742.SPL : Niveau minimum non calculable
SPCL742.SPL : Niveau minimum non calculable
SPCL811.SPL : Niveau minimum non calculable
SPCL820.SPL : Niveau minimum non calculable
SPCL916.SPL : Niveau minimum non calculable
SPCL917.SPL : Niveau minimum non calculable
SPCL923.SPL : Niveau minimum non calculable
SPCL940.SPL : Niveau minimum non calculable
SPCL941.SPL : Niveau minimum non calculable
SPCL941.SPL : FAILURE: opcode 146: Not_found
SPCL941.SPL : FAILURE: opcode 232: Failure("Opcode 146: Not_found")
SPCL941.SPL : FAILURE: Failure("Opcode 232: Failure(\"Opcode 146: Not_found\")")
SPDM101.SPL : Niveau minimum non calculable
SPDM102.SPL : Niveau minimum non calculable
SPDM102.SPL : Niveau minimum non calculable
SPDM102.SPL : Niveau minimum non calculable
SPDM103.SPL : Niveau minimum non calculable
SPDM105.SPL : Niveau minimum non calculable
SPDM106.SPL : Niveau minimum non calculable
SPDM108.SPL : FAILURE: opcode 146: Not_found
SPDM108.SPL : FAILURE: Failure("Opcode 146: Not_found")
SPDR101.SPL : Niveau minimum non calculable
SPDR201.SPL : Niveau minimum non calculable
SPDR401.SPL : Niveau minimum non calculable
SPDR401.SPL : Niveau minimum non calculable
SPDR501.SPL : Niveau minimum non calculable
SPDR501.SPL : Niveau minimum non calculable
SPDWD02.SPL : Niveau minimum non calculable
SPIMIX01.SPL : Niveau minimum non calculable
SPIN001.SPL : Niveau minimum non calculable
SPIN101.SPL : Niveau minimum non calculable
SPIN102.SPL : Niveau minimum non calculable
SPIN104.SPL : Niveau minimum non calculable
SPIN104.SPL : FAILURE: opcode 146: Not_found
SPIN104.SPL : FAILURE: Failure("Opcode 146: Not_found")
SPIN105.SPL : Niveau minimum non calculable
SPIN106.SPL : FAILURE: opcode 146: Not_found
SPIN106.SPL : FAILURE: Failure("Opcode 146: Not_found")
SPIN107.SPL : Niveau minimum non calculable
SPIN108.SPL : Niveau minimum non calculable
SPIN110.SPL : Niveau minimum non calculable
SPIN111.SPL : Niveau minimum non calculable
SPIN112.SPL : Niveau minimum non calculable
SPIN114.SPL : Niveau minimum non calculable
SPIN115.SPL : Niveau minimum non calculable
SPIN116.SPL : Niveau minimum non calculable
SPIN117.SPL : Niveau minimum non calculable
SPIN117.SPL : FAILURE: opcode 146: Not_found
SPIN117.SPL : FAILURE: Failure("Opcode 146: Not_found")
SPIN118.SPL : Niveau minimum non calculable
SPIN119.SPL : Niveau minimum non calculable
SPIN120.SPL : Niveau minimum non calculable
SPIN120.SPL : FAILURE: opcode 146: Not_found
SPIN120.SPL : FAILURE: Failure("Opcode 146: Not_found")
SPIN121.SPL : Niveau minimum non calculable
SPIN122.SPL : Niveau minimum non calculable
SPIN123.SPL : Niveau minimum non calculable
SPIN124.SPL : Niveau minimum non calculable
SPIN125.SPL : Niveau minimum non calculable
SPIN126.SPL : Niveau minimum non calculable
SPIN127.SPL : Niveau minimum non calculable
SPIN127.SPL : Opcode 135 self : Nom de la créature introuvable : plybass
SPIN150.SPL : Niveau minimum non calculable
SPIN151.SPL : Niveau minimum non calculable
SPIN152.SPL : Niveau minimum non calculable
SPIN153.SPL : Niveau minimum non calculable
SPIN154.SPL : Niveau minimum non calculable
SPIN155.SPL : Niveau minimum non calculable
SPIN156.SPL : Niveau minimum non calculable
SPIN157.SPL : Niveau minimum non calculable
SPIN160.SPL : Niveau minimum non calculable
SPIN205.SPL : Niveau minimum non calculable
SPIN412.SPL : Niveau minimum non calculable
SPIN413.SPL : Niveau minimum non calculable
SPIN542.SPL : Niveau minimum non calculable
SPIN543.SPL : Niveau minimum non calculable
SPIN544.SPL : Niveau minimum non calculable
SPIN544.SPL : Niveau minimum non calculable
SPIN545.SPL : Niveau minimum non calculable
SPIN545.SPL : FAILURE: opcode 146: Not_found
SPIN545.SPL : FAILURE: Failure("Opcode 146: Not_found")
SPIN546.SPL : Niveau minimum non calculable
SPIN547.SPL : Niveau minimum non calculable
SPIN572.SPL : Niveau minimum non calculable
SPIN662.SPL : Niveau minimum non calculable
SPIN663.SPL : Niveau minimum non calculable
SPIN667.SPL : Niveau minimum non calculable
SPIN679.SPL : Niveau minimum non calculable
SPIN681.SPL : Niveau minimum non calculable
SPIN682.SPL : Niveau minimum non calculable
SPIN684.SPL : Niveau minimum non calculable
SPIN686.SPL : Niveau minimum non calculable
SPIN687.SPL : Niveau minimum non calculable
SPIN687.SPL : Niveau minimum non calculable
SPIN689.SPL : Niveau minimum non calculable
SPIN695.SPL : Niveau minimum non calculable
SPIN701.SPL : Niveau minimum non calculable
SPIN703.SPL : Niveau minimum non calculable
SPIN704.SPL : Niveau minimum non calculable
SPIN710.SPL : Niveau minimum non calculable
SPIN711.SPL : Niveau minimum non calculable
SPIN717.SPL : Niveau minimum non calculable
SPIN717.SPL : Opcode 135 self : Nom de la créature introuvable : slayer
SPIN718.SPL : Niveau minimum non calculable
SPIN719.SPL : Niveau minimum non calculable
SPIN723.SPL : Niveau minimum non calculable
SPIN730.SPL : Niveau minimum non calculable
SPIN731.SPL : Niveau minimum non calculable
SPIN732.SPL : Niveau minimum non calculable
SPIN733.SPL : Niveau minimum non calculable
SPIN734.SPL : Niveau minimum non calculable
SPIN735.SPL : Niveau minimum non calculable
SPIN736.SPL : Niveau minimum non calculable
SPIN736.SPL : FAILURE: opcode 146: Not_found
SPIN736.SPL : FAILURE: Failure("Opcode 146: Not_found")
SPIN737.SPL : Niveau minimum non calculable
SPIN738.SPL : Niveau minimum non calculable
SPIN738.SPL : FAILURE: opcode 146: Not_found
SPIN738.SPL : FAILURE: Failure("Opcode 146: Not_found")
SPIN773.SPL : Niveau minimum non calculable
SPIN774.SPL : Niveau minimum non calculable
SPIN783.SPL : Niveau minimum non calculable
SPIN783.SPL : Opcode 135 self : Nom de la créature introuvable : slayer
SPIN788.SPL : Niveau minimum non calculable
SPIN789.SPL : Niveau minimum non calculable
SPIN813.SPL : Niveau minimum non calculable
SPIN819.SPL : Niveau minimum non calculable
SPIN820.SPL : Niveau minimum non calculable
SPIN823.SPL : Niveau minimum non calculable
SPIN823.SPL : Opcode 135 self : Nom de la créature introuvable : slayer
SPIN825.SPL : Niveau minimum non calculable
SPIN826.SPL : FAILURE: Unknown macro: opcode_target_522
SPIN826.SPL : FAILURE: Unknown macro: opcode_target_522
SPIN836.SPL : Niveau minimum non calculable
SPIN837.SPL : Niveau minimum non calculable
SPIN852.SPL : Niveau minimum non calculable
SPIN852.SPL : Opcode 135 self : Nom de la créature introuvable : slayer
SPIN853.SPL : Niveau minimum non calculable
SPIN865.SPL : Niveau minimum non calculable
SPIN866.SPL : Niveau minimum non calculable
SPIN888.SPL : Niveau minimum non calculable
SPIN889.SPL : Niveau minimum non calculable
SPIN892.SPL : Niveau minimum non calculable
SPIN913.SPL : Niveau minimum non calculable
SPIN914.SPL : Niveau minimum non calculable
SPIN923.SPL : Niveau minimum non calculable
SPIN926.SPL : Niveau minimum non calculable
SPIN927.SPL : Niveau minimum non calculable
SPIN929.SPL : Niveau minimum non calculable
SPIN930.SPL : Niveau minimum non calculable
SPIN931.SPL : Niveau minimum non calculable
SPIN932.SPL : Niveau minimum non calculable
SPIN933.SPL : Niveau minimum non calculable
SPIN934.SPL : Niveau minimum non calculable
SPIN935.SPL : Niveau minimum non calculable
SPIN936.SPL : Niveau minimum non calculable
SPIN938.SPL : Niveau minimum non calculable
SPIN939.SPL : Niveau minimum non calculable
SPIN941.SPL : Niveau minimum non calculable
SPIN944.SPL : Niveau minimum non calculable
SPIN958.SPL : Niveau minimum non calculable
SPIN974.SPL : Niveau minimum non calculable
SPIN980.SPL : Niveau minimum non calculable
SPIN998.SPL : Niveau minimum non calculable
SPJA01.SPL : Niveau minimum non calculable
SPJA01.SPL : Cible à gerer : 3 
SPOGRE01.SPL : Niveau minimum non calculable
SPPR101.SPL : Niveau minimum non calculable
SPPR102.SPL : Niveau minimum non calculable
SPPR103.SPL : Niveau minimum non calculable
SPPR104.SPL : Niveau minimum non calculable
SPPR104.SPL : FAILURE: opcode 146: Not_found
SPPR104.SPL : FAILURE: Failure("Opcode 146: Not_found")
SPPR105.SPL : Niveau minimum non calculable
SPPR106.SPL : Niveau minimum non calculable
SPPR107.SPL : Niveau minimum non calculable
SPPR107.SPL : Niveau minimum non calculable
SPPR107.SPL : Niveau minimum non calculable
SPPR108.SPL : Niveau minimum non calculable
SPPR109.SPL : Niveau minimum non calculable
SPPR110.SPL : Niveau minimum non calculable
SPPR111.SPL : Niveau minimum non calculable
SPPR113.SPL : Niveau minimum non calculable
SPPR116.SPL : Niveau minimum non calculable
SPPR116.SPL : Niveau minimum non calculable
SPPR150.SPL : Niveau minimum non calculable
SPPR150.SPL : Niveau minimum non calculable
SPPR150.SPL : Niveau minimum non calculable
SPPR150.SPL : Niveau minimum non calculable
SPPR150.SPL : Niveau minimum non calculable
SPPR150.SPL : Niveau minimum non calculable
SPPR150.SPL : Niveau minimum non calculable
SPPR150.SPL : Niveau minimum non calculable
SPPR150.SPL : Niveau minimum non calculable
SPPR201.SPL : Niveau minimum non calculable
SPPR202.SPL : Niveau minimum non calculable
SPPR202.SPL : Niveau minimum non calculable
SPPR202.SPL : Niveau minimum non calculable
SPPR202.SPL : Niveau minimum non calculable
SPPR203.SPL : Niveau minimum non calculable
SPPR203.SPL : FAILURE: opcode 146: Not_found
SPPR203.SPL : FAILURE: Failure("Opcode 146: Not_found")
SPPR204.SPL : Niveau minimum non calculable
SPPR205.SPL : Niveau minimum non calculable
SPPR205.SPL : FAILURE: opcode 146: Not_found
SPPR205.SPL : FAILURE: Failure("Opcode 146: Not_found")
SPPR205D.SPL : Niveau minimum non calculable
SPPR206.SPL : Niveau minimum non calculable
SPPR207.SPL : Niveau minimum non calculable
SPPR208.SPL : Niveau minimum non calculable
SPPR209.SPL : Niveau minimum non calculable
SPPR210.SPL : Niveau minimum non calculable
SPPR210.SPL : Niveau minimum non calculable
SPPR210.SPL : Niveau minimum non calculable
SPPR210.SPL : Niveau minimum non calculable
SPPR211.SPL : Niveau minimum non calculable
SPPR212.SPL : Niveau minimum non calculable
SPPR250.SPL : Niveau minimum non calculable
SPPR303.SPL : Niveau minimum non calculable
SPPR305.SPL : Niveau minimum non calculable
SPPR305.SPL : Niveau minimum non calculable
SPPR305.SPL : Niveau minimum non calculable
SPPR306.SPL : Niveau minimum non calculable
SPPR306.SPL : Niveau minimum non calculable
SPPR307.SPL : Niveau minimum non calculable
SPPR308.SPL : Niveau minimum non calculable
SPPR309.SPL : Niveau minimum non calculable
SPPR310.SPL : Niveau minimum non calculable
SPPR311.SPL : Niveau minimum non calculable
SPPR312.SPL : Niveau minimum non calculable
SPPR312.SPL : FAILURE: Unknown macro: opcode_target_522
SPPR315.SPL : Niveau minimum non calculable
SPPR317.SPL : Niveau minimum non calculable
SPPR318.SPL : Niveau minimum non calculable
SPPR319.SPL : Niveau minimum non calculable
SPPR350.SPL : Niveau minimum non calculable
SPPR401.SPL : Niveau minimum non calculable
SPPR402.SPL : Niveau minimum non calculable
SPPR403.SPL : Niveau minimum non calculable
SPPR403.SPL : Niveau minimum non calculable
SPPR403.SPL : Niveau minimum non calculable
SPPR403.SPL : Niveau minimum non calculable
SPPR403.SPL : Niveau minimum non calculable
SPPR403.SPL : Niveau minimum non calculable
SPPR403.SPL : Niveau minimum non calculable
SPPR403.SPL : Niveau minimum non calculable
SPPR403.SPL : Niveau minimum non calculable
SPPR403.SPL : Niveau minimum non calculable
SPPR403.SPL : Niveau minimum non calculable
SPPR403.SPL : Niveau minimum non calculable
SPPR403.SPL : Niveau minimum non calculable
SPPR403.SPL : Niveau minimum non calculable
SPPR404.SPL : Niveau minimum non calculable
SPPR405.SPL : Niveau minimum non calculable
SPPR406.SPL : Niveau minimum non calculable
SPPR407.SPL : Niveau minimum non calculable
SPPR408.SPL : Niveau minimum non calculable
SPPR408.SPL : Niveau minimum non calculable
SPPR408.SPL : Niveau minimum non calculable
SPPR409.SPL : Niveau minimum non calculable
SPPR409.SPL : Niveau minimum non calculable
SPPR409.SPL : Niveau minimum non calculable
SPPR410.SPL : Niveau minimum non calculable
SPPR411.SPL : Niveau minimum non calculable
SPPR412.SPL : Niveau minimum non calculable
SPPR413.SPL : Niveau minimum non calculable
SPPR414.SPL : Niveau minimum non calculable
SPPR415.SPL : Niveau minimum non calculable
SPPR416.SPL : Niveau minimum non calculable
SPPR417.SPL : Niveau minimum non calculable
SPPR501.SPL : Niveau minimum non calculable
SPPR502.SPL : Niveau minimum non calculable
SPPR504.SPL : Niveau minimum non calculable
SPPR504.SPL : Cible à gerer : 3 
SPPR505.SPL : Niveau minimum non calculable
SPPR505.SPL : FAILURE: opcode 146: Not_found
SPPR505.SPL : FAILURE: Failure("Opcode 146: Not_found")
SPPR507.SPL : Niveau minimum non calculable
SPPR507.SPL : Niveau minimum non calculable
SPPR507.SPL : FAILURE: Unknown macro: opcode_target_522
SPPR507.SPL : FAILURE: Unknown macro: opcode_target_522
SPPR507.SPL : FAILURE: Unknown macro: opcode_target_522
SPPR507.SPL : FAILURE: Unknown macro: opcode_target_522
SPPR507.SPL : FAILURE: Unknown macro: opcode_target_522
SPPR507.SPL : FAILURE: Unknown macro: opcode_target_522
SPPR507.SPL : FAILURE: Unknown macro: opcode_target_522
SPPR507.SPL : FAILURE: Unknown macro: opcode_target_522
SPPR507.SPL : FAILURE: Unknown macro: opcode_target_522
SPPR507.SPL : FAILURE: Unknown macro: opcode_target_522
SPPR507.SPL : FAILURE: Unknown macro: opcode_target_522
SPPR507.SPL : FAILURE: Unknown macro: opcode_target_522
SPPR507.SPL : FAILURE: Unknown macro: opcode_target_522
SPPR508.SPL : Niveau minimum non calculable
SPPR508.SPL : Niveau minimum non calculable
SPPR508.SPL : Niveau minimum non calculable
SPPR508.SPL : Niveau minimum non calculable
SPPR508.SPL : Niveau minimum non calculable
SPPR508.SPL : Niveau minimum non calculable
SPPR508.SPL : Niveau minimum non calculable
SPPR508.SPL : Niveau minimum non calculable
SPPR508.SPL : Niveau minimum non calculable
SPPR508.SPL : Niveau minimum non calculable
SPPR510.SPL : Niveau minimum non calculable
SPPR511.SPL : Niveau minimum non calculable
SPPR512.SPL : Niveau minimum non calculable
SPPR513.SPL : Niveau minimum non calculable
SPPR515.SPL : Niveau minimum non calculable
SPPR515D.SPL : Niveau minimum non calculable
SPPR516.SPL : Niveau minimum non calculable
SPPR517.SPL : Niveau minimum non calculable
SPPR550.SPL : Niveau minimum non calculable
SPPR550.SPL : Cible à gerer : 3 
SPPR601.SPL : Niveau minimum non calculable
SPPR602.SPL : Niveau minimum non calculable
SPPR603.SPL : Niveau minimum non calculable
SPPR603D.SPL : Niveau minimum non calculable
SPPR604.SPL : Niveau minimum non calculable
SPPR605.SPL : Niveau minimum non calculable
SPPR605.SPL : Niveau minimum non calculable
SPPR605.SPL : Niveau minimum non calculable
SPPR606.SPL : Niveau minimum non calculable
SPPR607.SPL : Niveau minimum non calculable
SPPR608.SPL : Niveau minimum non calculable
SPPR609.SPL : Niveau minimum non calculable
SPPR610.SPL : Niveau minimum non calculable
SPPR611.SPL : Niveau minimum non calculable
SPPR612.SPL : Niveau minimum non calculable
SPPR613.SPL : Niveau minimum non calculable
SPPR614.SPL : Niveau minimum non calculable
SPPR650.SPL : Niveau minimum non calculable
SPPR698.SPL : Niveau minimum non calculable
SPPR698D.SPL : Niveau minimum non calculable
SPPR699.SPL : Niveau minimum non calculable
SPPR701.SPL : Niveau minimum non calculable
SPPR701.SPL : Niveau minimum non calculable
SPPR701.SPL : Niveau minimum non calculable
SPPR701.SPL : Niveau minimum non calculable
SPPR702.SPL : Niveau minimum non calculable
SPPR702.SPL : Niveau minimum non calculable
SPPR702.SPL : Niveau minimum non calculable
SPPR703.SPL : Niveau minimum non calculable
SPPR704.SPL : Niveau minimum non calculable
SPPR706.SPL : Niveau minimum non calculable
SPPR707.SPL : FAILURE: opcode 146: Not_found
SPPR707.SPL : FAILURE: Failure("Opcode 146: Not_found")
SPPR709.SPL : Niveau minimum non calculable
SPPR710.SPL : Niveau minimum non calculable
SPPR712.SPL : Niveau minimum non calculable
SPPR712.SPL : Cible à gerer : 3 
SPPR713.SPL : Niveau minimum non calculable
SPPR715.SPL : Niveau minimum non calculable
SPPR717.SPL : Niveau minimum non calculable
SPPR717.SPL : Opcode 24: Invalid target : 255
SPPR718.SPL : Niveau minimum non calculable
SPPR719.SPL : Niveau minimum non calculable
SPPR720.SPL : Niveau minimum non calculable
SPPR725.SPL : Niveau minimum non calculable
SPPR750.SPL : Niveau minimum non calculable
SPPR751.SPL : Niveau minimum non calculable
SPPR984.SPL : Niveau minimum non calculable
SPPR986.SPL : Niveau minimum non calculable
SPPR987.SPL : Niveau minimum non calculable
SPPR999.SPL : Niveau minimum non calculable
SPRA301.SPL : Niveau minimum non calculable
SPRA301.SPL : Niveau minimum non calculable
SPRA302.SPL : Niveau minimum non calculable
SPRA302.SPL : Niveau minimum non calculable
SPRA302.SPL : Niveau minimum non calculable
SPRA302.SPL : Niveau minimum non calculable
SPRA302.SPL : Niveau minimum non calculable
SPRA302.SPL : Niveau minimum non calculable
SPRA302.SPL : Niveau minimum non calculable
SPRA302.SPL : Niveau minimum non calculable
SPRA302.SPL : Niveau minimum non calculable
SPRA302.SPL : Niveau minimum non calculable
SPRA303.SPL : Niveau minimum non calculable
SPRA303.SPL : Opcode 83 : Réflection du type de projectile '329'
SPRA304.SPL : Niveau minimum non calculable
SPRA305.SPL : Niveau minimum non calculable
SPRA306.SPL : Niveau minimum non calculable
SPSD02.SPL : Niveau minimum non calculable
SPWI001.SPL : Niveau minimum non calculable
SPWI002.SPL : Niveau minimum non calculable
SPWI003.SPL : Niveau minimum non calculable
SPWI053.SPL : Niveau minimum non calculable
SPWI054.SPL : Niveau minimum non calculable
SPWI055.SPL : Niveau minimum non calculable
SPWI056.SPL : Niveau minimum non calculable
SPWI101.SPL : Niveau minimum non calculable
SPWI102.SPL : Niveau minimum non calculable
SPWI104.SPL : Niveau minimum non calculable
SPWI105.SPL : Niveau minimum non calculable
SPWI106.SPL : Niveau minimum non calculable
SPWI107.SPL : Niveau minimum non calculable
SPWI108.SPL : Niveau minimum non calculable
SPWI110.SPL : Niveau minimum non calculable
SPWI110.SPL : Cible à gerer : 3 
SPWI111.SPL : Niveau minimum non calculable
SPWI113.SPL : Niveau minimum non calculable
SPWI113.SPL : Niveau minimum non calculable
SPWI113.SPL : Niveau minimum non calculable
SPWI114.SPL : Niveau minimum non calculable
SPWI116.SPL : Niveau minimum non calculable
SPWI117.SPL : Niveau minimum non calculable
SPWI118.SPL : Niveau minimum non calculable
SPWI119.SPL : Niveau minimum non calculable
SPWI119.SPL : FAILURE: opcode 146: Not_found
SPWI119.SPL : FAILURE: Failure("Opcode 146: Not_found")
SPWI120.SPL : Niveau minimum non calculable
SPWI123.SPL : Niveau minimum non calculable
SPWI124.SPL : Niveau minimum non calculable
SPWI126.SPL : Niveau minimum non calculable
SPWI126.SPL : Niveau minimum non calculable
SPWI201.SPL : Niveau minimum non calculable
SPWI201.SPL : Niveau minimum non calculable
SPWI202.SPL : Niveau minimum non calculable
SPWI202.SPL : FAILURE: opcode 146: Not_found
SPWI202.SPL : FAILURE: Failure("Opcode 146: Not_found")
SPWI203.SPL : Niveau minimum non calculable
SPWI205.SPL : Niveau minimum non calculable
SPWI206.SPL : Niveau minimum non calculable
SPWI207.SPL : Niveau minimum non calculable
SPWI208.SPL : Niveau minimum non calculable
SPWI209.SPL : Niveau minimum non calculable
SPWI210.SPL : Niveau minimum non calculable
SPWI211.SPL : Niveau minimum non calculable
SPWI212.SPL : Niveau minimum non calculable
SPWI213.SPL : Niveau minimum non calculable
SPWI214.SPL : Niveau minimum non calculable
SPWI214.SPL : Niveau minimum non calculable
SPWI215.SPL : Niveau minimum non calculable
SPWI217.SPL : Niveau minimum non calculable
SPWI218.SPL : Niveau minimum non calculable
SPWI219.SPL : Niveau minimum non calculable
SPWI220.SPL : Niveau minimum non calculable
SPWI221.SPL : Niveau minimum non calculable
SPWI222.SPL : Niveau minimum non calculable
SPWI223.SPL : Niveau minimum non calculable
SPWI224.SPL : Niveau minimum non calculable
SPWI228.SPL : Niveau minimum non calculable
SPWI298.SPL : Niveau minimum non calculable
SPWI299.SPL : Niveau minimum non calculable
SPWI301.SPL : Niveau minimum non calculable
SPWI302.SPL : Niveau minimum non calculable
SPWI305.SPL : Niveau minimum non calculable
SPWI305.SPL : Niveau minimum non calculable
SPWI305.SPL : Niveau minimum non calculable
SPWI306.SPL : Niveau minimum non calculable
SPWI307.SPL : Niveau minimum non calculable
SPWI309.SPL : Niveau minimum non calculable
SPWI309.SPL : Niveau minimum non calculable
SPWI310.SPL : Niveau minimum non calculable
SPWI311.SPL : Niveau minimum non calculable
SPWI311.SPL : Opcode 83 : Réflection du type de projectile '329'
SPWI312.SPL : Niveau minimum non calculable
SPWI314.SPL : FAILURE: opcode 146: Not_found
SPWI314.SPL : FAILURE: Failure("Opcode 146: Not_found")
SPWI315.SPL : Niveau minimum non calculable
SPWI315.SPL : Niveau minimum non calculable
SPWI315.SPL : Niveau minimum non calculable
SPWI315.SPL : Niveau minimum non calculable
SPWI315.SPL : Niveau minimum non calculable
SPWI316.SPL : Niveau minimum non calculable
SPWI317.SPL : Niveau minimum non calculable
SPWI318.SPL : Niveau minimum non calculable
SPWI318.SPL : Niveau minimum non calculable
SPWI318.SPL : Niveau minimum non calculable
SPWI318.SPL : Niveau minimum non calculable
SPWI318.SPL : Niveau minimum non calculable
SPWI318.SPL : Niveau minimum non calculable
SPWI318.SPL : Niveau minimum non calculable
SPWI318.SPL : Niveau minimum non calculable
SPWI318.SPL : Niveau minimum non calculable
SPWI319.SPL : Niveau minimum non calculable
SPWI319.SPL : Niveau minimum non calculable
SPWI320.SPL : Niveau minimum non calculable
SPWI320.SPL : Niveau minimum non calculable
SPWI321.SPL : Niveau minimum non calculable
SPWI322.SPL : Niveau minimum non calculable
SPWI324.SPL : Niveau minimum non calculable
SPWI324.SPL : Niveau minimum non calculable
SPWI326.SPL : Niveau minimum non calculable
SPWI401.SPL : Niveau minimum non calculable
SPWI402.SPL : Niveau minimum non calculable
SPWI403.SPL : Niveau minimum non calculable
SPWI403.SPL : Niveau minimum non calculable
SPWI403.SPL : Niveau minimum non calculable
SPWI403.SPL : Niveau minimum non calculable
SPWI404.SPL : Niveau minimum non calculable
SPWI405.SPL : Niveau minimum non calculable
SPWI405.SPL : Niveau minimum non calculable
SPWI406.SPL : Niveau minimum non calculable
SPWI407.SPL : Niveau minimum non calculable
SPWI407.SPL : Niveau minimum non calculable
SPWI409.SPL : Niveau minimum non calculable
SPWI410.SPL : Niveau minimum non calculable
SPWI411.SPL : Niveau minimum non calculable
SPWI412.SPL : Niveau minimum non calculable
SPWI413.SPL : Niveau minimum non calculable
SPWI413.SPL : FAILURE: opcode 146: Not_found
SPWI413.SPL : FAILURE: Failure("Opcode 146: Not_found")
SPWI414.SPL : Niveau minimum non calculable
SPWI415.SPL : Niveau minimum non calculable
SPWI416.SPL : Niveau minimum non calculable
SPWI416.SPL : Niveau minimum non calculable
SPWI416.SPL : FAILURE: opcode 146: Not_found
SPWI416.SPL : FAILURE: Failure("Opcode 146: Not_found")
SPWI417.SPL : Niveau minimum non calculable
SPWI417.SPL : FAILURE: Unknown macro: opcode_target_345
SPWI417.SPL : FAILURE: Unknown macro: opcode_target_345
SPWI417.SPL : FAILURE: Unknown macro: opcode_target_345
SPWI417.SPL : FAILURE: Unknown macro: opcode_target_345
SPWI417.SPL : FAILURE: Unknown macro: opcode_target_345
SPWI417.SPL : FAILURE: Unknown macro: opcode_target_345
SPWI417.SPL : FAILURE: Unknown macro: opcode_target_345
SPWI417.SPL : FAILURE: Unknown macro: opcode_target_345
SPWI417.SPL : FAILURE: Unknown macro: opcode_target_345
SPWI417.SPL : FAILURE: Unknown macro: opcode_target_345
SPWI417.SPL : FAILURE: Unknown macro: opcode_target_345
SPWI417.SPL : FAILURE: Unknown macro: opcode_target_345
SPWI417.SPL : FAILURE: Unknown macro: opcode_target_345
SPWI417.SPL : FAILURE: Unknown macro: opcode_target_345
SPWI417.SPL : FAILURE: Unknown macro: opcode_target_345
SPWI417.SPL : FAILURE: Unknown macro: opcode_target_345
SPWI417.SPL : FAILURE: Unknown macro: opcode_target_345
SPWI417.SPL : FAILURE: Unknown macro: opcode_target_345
SPWI417.SPL : FAILURE: Unknown macro: opcode_target_345
SPWI417.SPL : FAILURE: Unknown macro: opcode_target_345
SPWI417.SPL : FAILURE: Unknown macro: opcode_target_345
SPWI418.SPL : Niveau minimum non calculable
SPWI418.SPL : Niveau minimum non calculable
SPWI418.SPL : Niveau minimum non calculable
SPWI418.SPL : Niveau minimum non calculable
SPWI419.SPL : Niveau minimum non calculable
SPWI421.SPL : Niveau minimum non calculable
SPWI424.SPL : Niveau minimum non calculable
SPWI425.SPL : Niveau minimum non calculable
SPWI425.SPL : Niveau minimum non calculable
SPWI489.SPL : Niveau minimum non calculable
SPWI490.SPL : Niveau minimum non calculable
SPWI491.SPL : Niveau minimum non calculable
SPWI493.SPL : Niveau minimum non calculable
SPWI494.SPL : Niveau minimum non calculable
SPWI495.SPL : Niveau minimum non calculable
SPWI496.SPL : Niveau minimum non calculable
SPWI497.SPL : Niveau minimum non calculable
SPWI498.SPL : Niveau minimum non calculable
SPWI499.SPL : Niveau minimum non calculable
SPWI502.SPL : Niveau minimum non calculable
SPWI504.SPL : Niveau minimum non calculable
SPWI504.SPL : Niveau minimum non calculable
SPWI505.SPL : Niveau minimum non calculable
SPWI505.SPL : Niveau minimum non calculable
SPWI506.SPL : Niveau minimum non calculable
SPWI507.SPL : Niveau minimum non calculable
SPWI508.SPL : Niveau minimum non calculable
SPWI508.SPL : Niveau minimum non calculable
SPWI509.SPL : Niveau minimum non calculable
SPWI510.SPL : Niveau minimum non calculable
SPWI511.SPL : Niveau minimum non calculable
SPWI511.SPL : Niveau minimum non calculable
SPWI512.SPL : Niveau minimum non calculable
SPWI513.SPL : Niveau minimum non calculable
SPWI515.SPL : Niveau minimum non calculable
SPWI516.SPL : Niveau minimum non calculable
SPWI517.SPL : Niveau minimum non calculable
SPWI518.SPL : Niveau minimum non calculable
SPWI519.SPL : Niveau minimum non calculable
SPWI520.SPL : Niveau minimum non calculable
SPWI521.SPL : Niveau minimum non calculable
SPWI522.SPL : Niveau minimum non calculable
SPWI522.SPL : Niveau minimum non calculable
SPWI522.SPL : Niveau minimum non calculable
SPWI523.SPL : Niveau minimum non calculable
SPWI601.SPL : Niveau minimum non calculable
SPWI602.SPL : Niveau minimum non calculable
SPWI603.SPL : Niveau minimum non calculable
SPWI603.SPL : Niveau minimum non calculable
SPWI603.SPL : Niveau minimum non calculable
SPWI603.SPL : Niveau minimum non calculable
SPWI603.SPL : Niveau minimum non calculable
SPWI603.SPL : Niveau minimum non calculable
SPWI604.SPL : Niveau minimum non calculable
SPWI605.SPL : Niveau minimum non calculable
SPWI606.SPL : Niveau minimum non calculable
SPWI607.SPL : Niveau minimum non calculable
SPWI607.SPL : Niveau minimum non calculable
SPWI607.SPL : Niveau minimum non calculable
SPWI609.SPL : Niveau minimum non calculable
SPWI609.SPL : FAILURE: opcode 146: Not_found
SPWI609.SPL : FAILURE: Failure("Opcode 146: Not_found")
SPWI611.SPL : Niveau minimum non calculable
SPWI612.SPL : Niveau minimum non calculable
SPWI613.SPL : Niveau minimum non calculable
SPWI613.SPL : Niveau minimum non calculable
SPWI613.SPL : Niveau minimum non calculable
SPWI613.SPL : Niveau minimum non calculable
SPWI614.SPL : Niveau minimum non calculable
SPWI616.SPL : Niveau minimum non calculable
SPWI618.SPL : Niveau minimum non calculable
SPWI618.SPL : Niveau minimum non calculable
SPWI618.SPL : Niveau minimum non calculable
SPWI618.SPL : Niveau minimum non calculable
SPWI618.SPL : Niveau minimum non calculable
SPWI618.SPL : Niveau minimum non calculable
SPWI618.SPL : Niveau minimum non calculable
SPWI618.SPL : Niveau minimum non calculable
SPWI618.SPL : Niveau minimum non calculable
SPWI618.SPL : Niveau minimum non calculable
SPWI618.SPL : Niveau minimum non calculable
SPWI618.SPL : Niveau minimum non calculable
SPWI618.SPL : Niveau minimum non calculable
SPWI619.SPL : Niveau minimum non calculable
SPWI620.SPL : Niveau minimum non calculable
SPWI620.SPL : Niveau minimum non calculable
SPWI620.SPL : Niveau minimum non calculable
SPWI623.SPL : Niveau minimum non calculable
SPWI623.SPL : Niveau minimum non calculable
SPWI624.SPL : Niveau minimum non calculable
SPWI625.SPL : Niveau minimum non calculable
SPWI701.SPL : Niveau minimum non calculable
SPWI701.SPL : Niveau minimum non calculable
SPWI701.SPL : Niveau minimum non calculable
SPWI701.SPL : Niveau minimum non calculable
SPWI701.SPL : Niveau minimum non calculable
SPWI702.SPL : Niveau minimum non calculable
SPWI702.SPL : Niveau minimum non calculable
SPWI702.SPL : Niveau minimum non calculable
SPWI702.SPL : Niveau minimum non calculable
SPWI702.SPL : Niveau minimum non calculable
SPWI702.SPL : Niveau minimum non calculable
SPWI703.SPL : Niveau minimum non calculable
SPWI703.SPL : Niveau minimum non calculable
SPWI704.SPL : Niveau minimum non calculable
SPWI705.SPL : Niveau minimum non calculable
SPWI707.SPL : Niveau minimum non calculable
SPWI708.SPL : Niveau minimum non calculable
SPWI711.SPL : Niveau minimum non calculable
SPWI711.SPL : FAILURE: Unknown macro: opcode_target_probability_111
SPWI712.SPL : Niveau minimum non calculable
SPWI713.SPL : Niveau minimum non calculable
SPWI714.SPL : Niveau minimum non calculable
SPWI715.SPL : Niveau minimum non calculable
SPWI716.SPL : Niveau minimum non calculable
SPWI717.SPL : Niveau minimum non calculable
SPWI718.SPL : Niveau minimum non calculable
SPWI719.SPL : Niveau minimum non calculable
SPWI720.SPL : Niveau minimum non calculable
SPWI720.SPL : Niveau minimum non calculable
SPWI720.SPL : Niveau minimum non calculable
SPWI720.SPL : Niveau minimum non calculable
SPWI721.SPL : Niveau minimum non calculable
SPWI721.SPL : Niveau minimum non calculable
SPWI721.SPL : Niveau minimum non calculable
SPWI722.SPL : Niveau minimum non calculable
SPWI723.SPL : Niveau minimum non calculable
SPWI802.SPL : Niveau minimum non calculable
SPWI803.SPL : Niveau minimum non calculable
SPWI803.SPL : Niveau minimum non calculable
SPWI803.SPL : Niveau minimum non calculable
SPWI803.SPL : Niveau minimum non calculable
SPWI804.SPL : Niveau minimum non calculable
SPWI804.SPL : Niveau minimum non calculable
SPWI804.SPL : Niveau minimum non calculable
SPWI807.SPL : Niveau minimum non calculable
SPWI808.SPL : Niveau minimum non calculable
SPWI811.SPL : Niveau minimum non calculable
SPWI813.SPL : Niveau minimum non calculable
SPWI815.SPL : Niveau minimum non calculable
SPWI816.SPL : Niveau minimum non calculable
SPWI817.SPL : Niveau minimum non calculable
SPWI818.SPL : Niveau minimum non calculable
SPWI818.SPL : FAILURE: opcode 146: Not_found
SPWI818.SPL : FAILURE: Failure("Opcode 146: Not_found")
SPWI853.SPL : Niveau minimum non calculable
SPWI888.SPL : Niveau minimum non calculable
SPWI897.SPL : Niveau minimum non calculable
SPWI898.SPL : Niveau minimum non calculable
SPWI899.SPL : Niveau minimum non calculable
SPWI902.SPL : Niveau minimum non calculable
SPWI902.SPL : FAILURE: opcode 259: Not_found
SPWI902.SPL : FAILURE: Failure("Opcode 259: Not_found")
SPWI903.SPL : Niveau minimum non calculable
SPWI905.SPL : Niveau minimum non calculable
SPWI907.SPL : Niveau minimum non calculable
SPWI909.SPL : Niveau minimum non calculable
SPWI910.SPL : Niveau minimum non calculable
SPWI911.SPL : Niveau minimum non calculable
SPWI912.SPL : Niveau minimum non calculable
SPWI913.SPL : Niveau minimum non calculable
SPWI914.SPL : Niveau minimum non calculable
SPWI915.SPL : Niveau minimum non calculable
SPWI916.SPL : Niveau minimum non calculable
SPWI916.SPL : FAILURE: opcode 146: Not_found
SPWI916.SPL : FAILURE: Failure("Opcode 146: Not_found")
SPWI917.SPL : Niveau minimum non calculable
SPWI918.SPL : Niveau minimum non calculable
SPWI918.SPL : FAILURE: opcode 146: Not_found
SPWI918.SPL : FAILURE: Failure("Opcode 146: Not_found")
SPWI919.SPL : Niveau minimum non calculable
SPWI926.SPL : Niveau minimum non calculable
SPWI929.SPL : Niveau minimum non calculable
SPWI930.SPL : Niveau minimum non calculable
SPWI943.SPL : Niveau minimum non calculable
SPWI955.SPL : Niveau minimum non calculable
SPWI956.SPL : Niveau minimum non calculable
SPWI958.SPL : Niveau minimum non calculable
SPWI959.SPL : Niveau minimum non calculable
SPWI960.SPL : Niveau minimum non calculable
SPWI979.SPL : Niveau minimum non calculable
SPWI982.SPL : Niveau minimum non calculable
SPWI994.SPL : Niveau minimum non calculable
SPWI995.SPL : Niveau minimum non calculable
SPWI997.SPL : Niveau minimum non calculable
SPWI998.SPL : Niveau minimum non calculable
SPWISH10.SPL : Niveau minimum non calculable
SPWISH25.SPL : Niveau minimum non calculable
SPWISH25.SPL : Cible à gerer : 6 
SPWM101.SPL : Niveau minimum non calculable
SPWM101D.SPL : Niveau minimum non calculable
SPWM111.SPL : Niveau minimum non calculable
SPWM113.SPL : Niveau minimum non calculable
SPWM114.SPL : Niveau minimum non calculable
SPWM122.SPL : Niveau minimum non calculable
SPWM123.SPL : Niveau minimum non calculable
SPWM125.SPL : Niveau minimum non calculable
SPWM126.SPL : Niveau minimum non calculable
SPWM136.SPL : Niveau minimum non calculable
SPWM140.SPL : Niveau minimum non calculable
SPWM141.SPL : Niveau minimum non calculable
SPWM142.SPL : Niveau minimum non calculable
SPWM143.SPL : Niveau minimum non calculable
SPWM145.SPL : Niveau minimum non calculable
SPWM152.SPL : Niveau minimum non calculable
SPWM154.SPL : Niveau minimum non calculable
SPWM164.SPL : Niveau minimum non calculable
SPWM167.SPL : Niveau minimum non calculable
SPWM168.SPL : Niveau minimum non calculable
SPWM178.SPL : Niveau minimum non calculable
SPWM179.SPL : Niveau minimum non calculable
SPWM183.SPL : Niveau minimum non calculable
SPWM187.SPL : Niveau minimum non calculable
SPWM188.SPL : Niveau minimum non calculable
SPWM191.SPL : Niveau minimum non calculable
SW2H10DM.SPL : Niveau minimum non calculable
