
OHBPR608.SPL : Opcode 111: Resource key is empty.
SPIN530.SPL : Opcode 173 : No change detected Value = Value + 0.
SPIN853.SPL : Opcode 206 : Resource cdmound.spl doesn't exist.
SPIN853.SPL : Opcode 206 : Resource cdhgnya1.spl doesn't exist.
SPIN853.SPL : Opcode 206 : Resource cdsw1h58.spl doesn't exist.
SPIN853.SPL : Opcode 206 : Resource cdmound.spl doesn't exist.
SPIN853.SPL : Opcode 206 : Resource cdhgnya1.spl doesn't exist.
SPIN853.SPL : Opcode 206 : Resource cdmound.spl doesn't exist.
SPIN853.SPL : Opcode 206 : Resource cdhgnya1.spl doesn't exist.
SPIN853.SPL : Opcode 206 : Resource cdsw1h58.spl doesn't exist.
SPIN853.SPL : Opcode 206 : Resource cdmound.spl doesn't exist.
SPIN853.SPL : Opcode 206 : Resource cdhgnya1.spl doesn't exist.
SPIN944.SPL : Opcode 324 : no effect : duration 0
SPPR403.SPL : Opcode 206 : Resource cdsw1h58.spl doesn't exist.
SPPR403.SPL : Opcode 206 : Resource cdmound.spl doesn't exist.
SPPR403.SPL : Opcode 206 : Resource cdhgnya1.spl doesn't exist.
SPPR403.SPL : Opcode 206 : Resource cdsw1h58.spl doesn't exist.
SPPR403.SPL : Opcode 206 : Resource cdmound.spl doesn't exist.
SPPR403.SPL : Opcode 206 : Resource cdhgnya1.spl doesn't exist.
SPPR403.SPL : Opcode 206 : Resource cdsw1h58.spl doesn't exist.
SPPR403.SPL : Opcode 206 : Resource cdmound.spl doesn't exist.
SPPR403.SPL : Opcode 206 : Resource cdhgnya1.spl doesn't exist.
SPPR403.SPL : Opcode 206 : Resource cdsw1h58.spl doesn't exist.
SPPR403.SPL : Opcode 206 : Resource cdmound.spl doesn't exist.
SPPR403.SPL : Opcode 206 : Resource cdhgnya1.spl doesn't exist.
SPPR403.SPL : Opcode 206 : Resource cdsw1h58.spl doesn't exist.
SPPR403.SPL : Opcode 206 : Resource cdmound.spl doesn't exist.
SPPR403.SPL : Opcode 206 : Resource cdhgnya1.spl doesn't exist.
SPPR403.SPL : Opcode 206 : Resource cdsw1h58.spl doesn't exist.
SPPR403.SPL : Opcode 206 : Resource cdmound.spl doesn't exist.
SPPR403.SPL : Opcode 206 : Resource cdhgnya1.spl doesn't exist.
SPPR403.SPL : Opcode 206 : Resource cdsw1h58.spl doesn't exist.
SPPR403.SPL : Opcode 206 : Resource cdmound.spl doesn't exist.
SPPR403.SPL : Opcode 206 : Resource cdhgnya1.spl doesn't exist.
SPPR403.SPL : Opcode 206 : Resource cdsw1h58.spl doesn't exist.
SPPR403.SPL : Opcode 206 : Resource cdmound.spl doesn't exist.
SPPR403.SPL : Opcode 206 : Resource cdhgnya1.spl doesn't exist.
SPPR403.SPL : Opcode 206 : Resource cdsw1h58.spl doesn't exist.
SPPR403.SPL : Opcode 206 : Resource cdmound.spl doesn't exist.
SPPR403.SPL : Opcode 206 : Resource cdhgnya1.spl doesn't exist.
SPPR403.SPL : Opcode 206 : Resource cdsw1h58.spl doesn't exist.
SPPR403.SPL : Opcode 206 : Resource cdmound.spl doesn't exist.
SPPR403.SPL : Opcode 206 : Resource cdhgnya1.spl doesn't exist.
SPPR403.SPL : Opcode 206 : Resource cdsw1h58.spl doesn't exist.
SPPR403.SPL : Opcode 206 : Resource cdmound.spl doesn't exist.
SPPR403.SPL : Opcode 206 : Resource cdhgnya1.spl doesn't exist.
SPPR403.SPL : Opcode 206 : Resource cdsw1h58.spl doesn't exist.
SPPR403.SPL : Opcode 206 : Resource cdmound.spl doesn't exist.
SPPR403.SPL : Opcode 206 : Resource cdhgnya1.spl doesn't exist.
SPPR403.SPL : Opcode 206 : Resource cdsw1h58.spl doesn't exist.
SPPR403.SPL : Opcode 206 : Resource cdmound.spl doesn't exist.
SPPR403.SPL : Opcode 206 : Resource cdhgnya1.spl doesn't exist.
SPPR403.SPL : Opcode 206 : Resource cdsw1h58.spl doesn't exist.
SPPR403.SPL : Opcode 206 : Resource cdmound.spl doesn't exist.
SPPR403.SPL : Opcode 206 : Resource cdhgnya1.spl doesn't exist.
SPPR403.SPL : Opcode 206 : Resource cdsw1h58.spl doesn't exist.
SPPR403.SPL : Opcode 206 : Resource cdmound.spl doesn't exist.
SPPR403.SPL : Opcode 206 : Resource cdhgnya1.spl doesn't exist.
SPPR403.SPL : Opcode 206 : Resource cdsw1h58.spl doesn't exist.
SPPR403.SPL : Opcode 206 : Resource cdmound.spl doesn't exist.
SPPR403.SPL : Opcode 206 : Resource cdhgnya1.spl doesn't exist.
SPPR403.SPL : Opcode 206 : Resource cdsw1h58.spl doesn't exist.
SPPR403.SPL : Opcode 206 : Resource cdmound.spl doesn't exist.
SPPR403.SPL : Opcode 206 : Resource cdhgnya1.spl doesn't exist.
SPPR403.SPL : Opcode 206 : Resource cdsw1h58.spl doesn't exist.
SPPR403.SPL : Opcode 206 : Resource cdmound.spl doesn't exist.
SPPR403.SPL : Opcode 206 : Resource cdhgnya1.spl doesn't exist.
SPPR403.SPL : Opcode 206 : Resource cdsw1h58.spl doesn't exist.
SPPR403.SPL : Opcode 206 : Resource cdmound.spl doesn't exist.
SPPR403.SPL : Opcode 206 : Resource cdhgnya1.spl doesn't exist.
SPPR403.SPL : Opcode 206 : Resource cdsw1h58.spl doesn't exist.
SPPR403.SPL : Opcode 206 : Resource cdmound.spl doesn't exist.
SPPR403.SPL : Opcode 206 : Resource cdhgnya1.spl doesn't exist.
SPPR403.SPL : Opcode 206 : Resource cdsw1h58.spl doesn't exist.
SPPR403.SPL : Opcode 206 : Resource cdmound.spl doesn't exist.
SPPR403.SPL : Opcode 206 : Resource cdhgnya1.spl doesn't exist.
SPPR403.SPL : Opcode 206 : Resource cdsw1h58.spl doesn't exist.
SPPR403.SPL : Opcode 206 : Resource cdmound.spl doesn't exist.
SPPR403.SPL : Opcode 206 : Resource cdhgnya1.spl doesn't exist.
SPPR403.SPL : Opcode 206 : Resource cdsw1h58.spl doesn't exist.
SPPR403.SPL : Opcode 206 : Resource cdmound.spl doesn't exist.
SPPR403.SPL : Opcode 206 : Resource cdhgnya1.spl doesn't exist.
SPPR403.SPL : Opcode 206 : Resource cdsw1h58.spl doesn't exist.
SPPR403.SPL : Opcode 206 : Resource cdmound.spl doesn't exist.
SPPR403.SPL : Opcode 206 : Resource cdhgnya1.spl doesn't exist.
SPPR403.SPL : Opcode 206 : Resource cdsw1h58.spl doesn't exist.
SPPR403.SPL : Opcode 206 : Resource cdmound.spl doesn't exist.
SPPR403.SPL : Opcode 206 : Resource cdhgnya1.spl doesn't exist.
SPPR403.SPL : Opcode 206 : Resource cdsw1h58.spl doesn't exist.
SPPR403.SPL : Opcode 206 : Resource cdmound.spl doesn't exist.
SPPR403.SPL : Opcode 206 : Resource cdhgnya1.spl doesn't exist.
SPPR403.SPL : Opcode 206 : Resource cdsw1h58.spl doesn't exist.
SPPR403.SPL : Opcode 206 : Resource cdmound.spl doesn't exist.
SPPR403.SPL : Opcode 206 : Resource cdhgnya1.spl doesn't exist.
SPPR403.SPL : Opcode 206 : Resource cdsw1h58.spl doesn't exist.
SPPR403.SPL : Opcode 206 : Resource cdmound.spl doesn't exist.
SPPR403.SPL : Opcode 206 : Resource cdhgnya1.spl doesn't exist.
SPPR403.SPL : Opcode 206 : Resource cdsw1h58.spl doesn't exist.
SPPR403.SPL : Opcode 206 : Resource cdmound.spl doesn't exist.
SPPR403.SPL : Opcode 206 : Resource cdhgnya1.spl doesn't exist.
SPPR403.SPL : Opcode 206 : Resource cdsw1h58.spl doesn't exist.
SPPR403.SPL : Opcode 206 : Resource cdmound.spl doesn't exist.
SPPR403.SPL : Opcode 206 : Resource cdhgnya1.spl doesn't exist.
SPPR403.SPL : Opcode 206 : Resource cdsw1h58.spl doesn't exist.
SPPR403.SPL : Opcode 206 : Resource cdmound.spl doesn't exist.
SPPR403.SPL : Opcode 206 : Resource cdhgnya1.spl doesn't exist.
SPPR403.SPL : Opcode 206 : Resource cdsw1h58.spl doesn't exist.
SPPR403.SPL : Opcode 206 : Resource cdmound.spl doesn't exist.
SPPR403.SPL : Opcode 206 : Resource cdhgnya1.spl doesn't exist.
SPPR403.SPL : Opcode 206 : Resource cdsw1h58.spl doesn't exist.
SPPR403.SPL : Opcode 206 : Resource cdmound.spl doesn't exist.
SPPR403.SPL : Opcode 206 : Resource cdhgnya1.spl doesn't exist.
SPPR403.SPL : Opcode 206 : Resource cdsw1h58.spl doesn't exist.
SPPR403.SPL : Opcode 206 : Resource cdmound.spl doesn't exist.
SPPR403.SPL : Opcode 206 : Resource cdhgnya1.spl doesn't exist.
SPPR403.SPL : Opcode 206 : Resource cdsw1h58.spl doesn't exist.
SPPR403.SPL : Opcode 206 : Resource cdmound.spl doesn't exist.
SPPR403.SPL : Opcode 206 : Resource cdhgnya1.spl doesn't exist.
SPPR403.SPL : Opcode 206 : Resource cdsw1h58.spl doesn't exist.
SPPR403.SPL : Opcode 206 : Resource cdmound.spl doesn't exist.
SPPR403.SPL : Opcode 206 : Resource cdhgnya1.spl doesn't exist.
SPPR403.SPL : Opcode 206 : Resource cdsw1h58.spl doesn't exist.
SPPR403.SPL : Opcode 206 : Resource cdmound.spl doesn't exist.
SPPR403.SPL : Opcode 206 : Resource cdhgnya1.spl doesn't exist.
SPPR403.SPL : Opcode 206 : Resource cdsw1h58.spl doesn't exist.
SPPR403.SPL : Opcode 206 : Resource cdmound.spl doesn't exist.
SPPR403.SPL : Opcode 206 : Resource cdhgnya1.spl doesn't exist.
SPPR403.SPL : Opcode 206 : Resource cdsw1h58.spl doesn't exist.
SPPR403.SPL : Opcode 206 : Resource cdmound.spl doesn't exist.
SPPR403.SPL : Opcode 206 : Resource cdhgnya1.spl doesn't exist.
SPPR403.SPL : Opcode 206 : Resource cdsw1h58.spl doesn't exist.
SPPR403.SPL : Opcode 206 : Resource cdmound.spl doesn't exist.
SPPR403.SPL : Opcode 206 : Resource cdhgnya1.spl doesn't exist.
SPPR403.SPL : Opcode 206 : Resource cdsw1h58.spl doesn't exist.
SPPR403.SPL : Opcode 206 : Resource cdmound.spl doesn't exist.
SPPR403.SPL : Opcode 206 : Resource cdhgnya1.spl doesn't exist.
SPPR403.SPL : Opcode 206 : Resource cdsw1h58.spl doesn't exist.
SPPR403.SPL : Opcode 206 : Resource cdmound.spl doesn't exist.
SPPR403.SPL : Opcode 206 : Resource cdhgnya1.spl doesn't exist.
SPPR403.SPL : Opcode 206 : Resource cdsw1h58.spl doesn't exist.
SPPR403.SPL : Opcode 206 : Resource cdmound.spl doesn't exist.
SPPR403.SPL : Opcode 206 : Resource cdhgnya1.spl doesn't exist.
SPSD02.SPL : Opcode 1: Invalid parameter1 value ([-10 10] expected).
SPWI853.SPL : Opcode 206 : Resource cdsw1h58.spl doesn't exist.
SPWI853.SPL : Opcode 206 : Resource cdmound.spl doesn't exist.
SPWI853.SPL : Opcode 206 : Resource cdhgnya1.spl doesn't exist.
SPWI853.SPL : Opcode 206 : Resource cdsw1h58.spl doesn't exist.
SPWI853.SPL : Opcode 206 : Resource cdmound.spl doesn't exist.
SPWI853.SPL : Opcode 206 : Resource cdhgnya1.spl doesn't exist.
SPWI853.SPL : Opcode 206 : Resource cdsw1h58.spl doesn't exist.
SPWI853.SPL : Opcode 206 : Resource cdmound.spl doesn't exist.
SPWI853.SPL : Opcode 206 : Resource cdhgnya1.spl doesn't exist.
SPWI853.SPL : Opcode 206 : Resource cdsw1h58.spl doesn't exist.
SPWI853.SPL : Opcode 206 : Resource cdmound.spl doesn't exist.
SPWI853.SPL : Opcode 206 : Resource cdhgnya1.spl doesn't exist.
SPWI853.SPL : Opcode 206 : Resource cdsw1h58.spl doesn't exist.
SPWI853.SPL : Opcode 206 : Resource cdmound.spl doesn't exist.
SPWI853.SPL : Opcode 206 : Resource cdhgnya1.spl doesn't exist.
SPWI959.SPL : Opcode 324 : no effect : duration 0
SPWI960.SPL : Opcode 324 : no effect : duration 0
SPWI982.SPL : Opcode 67 : Resource pheogurd.cre doesn't exist.
