
BDRING09.ITM : Opcode 206 : Resource cdsw1h58.spl doesn't exist.
BDRING09.ITM : Opcode 206 : Resource cdmound.spl doesn't exist.
BDRING09.ITM : Opcode 206 : Resource cdhgnya1.spl doesn't exist.
BDRING09.ITM : Opcode 206 : Resource cdsw1h58.spl doesn't exist.
BDRING09.ITM : Opcode 206 : Resource cdmound.spl doesn't exist.
BDRING09.ITM : Opcode 206 : Resource cdhgnya1.spl doesn't exist.
BDRING09.ITM : Opcode 206 : Resource cdsw1h58.spl doesn't exist.
BDRING09.ITM : Opcode 206 : Resource cdmound.spl doesn't exist.
BDRING09.ITM : Opcode 206 : Resource cdhgnya1.spl doesn't exist.
BDRING09.ITM : Opcode 206 : Resource cdsw1h58.spl doesn't exist.
BDRING09.ITM : Opcode 206 : Resource cdmound.spl doesn't exist.
BDRING09.ITM : Opcode 206 : Resource cdhgnya1.spl doesn't exist.
DWCHAN02.ITM : Opcode 0: parameter1 equal to 0 for a bonus/malus to the armor class.
JWSUPER.ITM : Opcode 206 : Resource cdsw1h58.spl doesn't exist.
JWSUPER.ITM : Opcode 206 : Resource cdmound.spl doesn't exist.
JWSUPER.ITM : Opcode 206 : Resource cdhgnya1.spl doesn't exist.
JWSUPER.ITM : Opcode 206 : Resource cdsw1h58.spl doesn't exist.
JWSUPER.ITM : Opcode 206 : Resource cdmound.spl doesn't exist.
JWSUPER.ITM : Opcode 206 : Resource cdhgnya1.spl doesn't exist.
JWSUPER.ITM : Opcode 206 : Resource cdsw1h58.spl doesn't exist.
JWSUPER.ITM : Opcode 206 : Resource cdmound.spl doesn't exist.
JWSUPER.ITM : Opcode 206 : Resource cdhgnya1.spl doesn't exist.
JWSUPER.ITM : Opcode 206 : Resource cdsw1h58.spl doesn't exist.
JWSUPER.ITM : Opcode 206 : Resource cdmound.spl doesn't exist.
JWSUPER.ITM : Opcode 206 : Resource cdhgnya1.spl doesn't exist.
POTN45.ITM : Opcode 206 : Resource cdsw1h58.spl doesn't exist.
POTN45.ITM : Opcode 206 : Resource cdmound.spl doesn't exist.
POTN45.ITM : Opcode 206 : Resource cdhgnya1.spl doesn't exist.
POTN45.ITM : Opcode 206 : Resource cdsw1h58.spl doesn't exist.
POTN45.ITM : Opcode 206 : Resource cdmound.spl doesn't exist.
POTN45.ITM : Opcode 206 : Resource cdhgnya1.spl doesn't exist.
POTN45.ITM : Opcode 206 : Resource cdsw1h58.spl doesn't exist.
POTN45.ITM : Opcode 206 : Resource cdmound.spl doesn't exist.
POTN45.ITM : Opcode 206 : Resource cdhgnya1.spl doesn't exist.
POTN45.ITM : Opcode 206 : Resource cdsw1h58.spl doesn't exist.
POTN45.ITM : Opcode 206 : Resource cdmound.spl doesn't exist.
POTN45.ITM : Opcode 206 : Resource cdhgnya1.spl doesn't exist.
PRINCESS.ITM : Opcode 238: Unknown IDS file 24.
RING09.ITM : Opcode 206 : Resource cdsw1h58.spl doesn't exist.
RING09.ITM : Opcode 206 : Resource cdmound.spl doesn't exist.
RING09.ITM : Opcode 206 : Resource cdhgnya1.spl doesn't exist.
RING09.ITM : Opcode 206 : Resource cdsw1h58.spl doesn't exist.
RING09.ITM : Opcode 206 : Resource cdmound.spl doesn't exist.
RING09.ITM : Opcode 206 : Resource cdhgnya1.spl doesn't exist.
RING09.ITM : Opcode 206 : Resource cdsw1h58.spl doesn't exist.
RING09.ITM : Opcode 206 : Resource cdmound.spl doesn't exist.
RING09.ITM : Opcode 206 : Resource cdhgnya1.spl doesn't exist.
RING09.ITM : Opcode 206 : Resource cdsw1h58.spl doesn't exist.
RING09.ITM : Opcode 206 : Resource cdmound.spl doesn't exist.
RING09.ITM : Opcode 206 : Resource cdhgnya1.spl doesn't exist.
SCRL07.ITM : Opcode 206 : Resource spwish27.spl doesn't exist.
SCRL07.ITM : Opcode 206 : Resource spwish32.spl doesn't exist.
SCRL07.ITM : Opcode 206 : Resource spwish35.spl doesn't exist.
SCRL07.ITM : Opcode 206 : Resource sppr725d.spl doesn't exist.
SCRL07.ITM : Opcode 206 : Resource spwish27.spl doesn't exist.
SCRL07.ITM : Opcode 206 : Resource spwish32.spl doesn't exist.
SCRL07.ITM : Opcode 206 : Resource spwish35.spl doesn't exist.
SCRL07.ITM : Opcode 206 : Resource sppr725d.spl doesn't exist.
SCRL07.ITM : Opcode 206 : Resource spwish27.spl doesn't exist.
SCRL07.ITM : Opcode 206 : Resource spwish32.spl doesn't exist.
SCRL07.ITM : Opcode 206 : Resource spwish35.spl doesn't exist.
SCRL07.ITM : Opcode 206 : Resource sppr725d.spl doesn't exist.
SCRL07.ITM : Opcode 206 : Resource spwish27.spl doesn't exist.
SCRL07.ITM : Opcode 206 : Resource spwish32.spl doesn't exist.
SCRL07.ITM : Opcode 206 : Resource spwish35.spl doesn't exist.
SCRL07.ITM : Opcode 206 : Resource sppr725d.spl doesn't exist.
SCRL07.ITM : Opcode 206 : Resource spwish27.spl doesn't exist.
SCRL07.ITM : Opcode 206 : Resource spwish32.spl doesn't exist.
SCRL07.ITM : Opcode 206 : Resource spwish35.spl doesn't exist.
SCRL07.ITM : Opcode 206 : Resource sppr725d.spl doesn't exist.
SHLD06P.ITM : Opcode 178 : No change detected : Value = Value + 0.
SHLD06P.ITM : Opcode 219: Unknown IDS file 255.
SHLD06P.ITM : Opcode 219: Unknown IDS file 255.
SHLD08P.ITM : Opcode 206 : Resource spwish27.spl doesn't exist.
SHLD08P.ITM : Opcode 206 : Resource spwish32.spl doesn't exist.
SHLD08P.ITM : Opcode 206 : Resource spwish35.spl doesn't exist.
SHLD08P.ITM : Opcode 206 : Resource sppr725d.spl doesn't exist.
SHLD08P.ITM : Opcode 206 : Resource spwish27.spl doesn't exist.
SHLD08P.ITM : Opcode 206 : Resource spwish32.spl doesn't exist.
SHLD08P.ITM : Opcode 206 : Resource spwish35.spl doesn't exist.
SHLD08P.ITM : Opcode 206 : Resource sppr725d.spl doesn't exist.
SHLD08P.ITM : Opcode 206 : Resource spwish27.spl doesn't exist.
SHLD08P.ITM : Opcode 206 : Resource spwish32.spl doesn't exist.
SHLD08P.ITM : Opcode 206 : Resource spwish35.spl doesn't exist.
SHLD08P.ITM : Opcode 206 : Resource sppr725d.spl doesn't exist.
SHLD08P.ITM : Opcode 206 : Resource spwish27.spl doesn't exist.
SHLD08P.ITM : Opcode 206 : Resource spwish32.spl doesn't exist.
SHLD08P.ITM : Opcode 206 : Resource spwish35.spl doesn't exist.
SHLD08P.ITM : Opcode 206 : Resource sppr725d.spl doesn't exist.
SHLD08P.ITM : Opcode 206 : Resource spwish27.spl doesn't exist.
SHLD08P.ITM : Opcode 206 : Resource spwish32.spl doesn't exist.
SHLD08P.ITM : Opcode 206 : Resource spwish35.spl doesn't exist.
SHLD08P.ITM : Opcode 206 : Resource sppr725d.spl doesn't exist.
SHLD08P.ITM : Opcode 206 : Resource spwish27.spl doesn't exist.
SHLD08P.ITM : Opcode 206 : Resource spwish32.spl doesn't exist.
SHLD08P.ITM : Opcode 206 : Resource spwish35.spl doesn't exist.
SHLD08P.ITM : Opcode 206 : Resource sppr725d.spl doesn't exist.
SHLD08P.ITM : Opcode 206 : Resource spwish27.spl doesn't exist.
SHLD08P.ITM : Opcode 206 : Resource spwish32.spl doesn't exist.
SHLD08P.ITM : Opcode 206 : Resource spwish35.spl doesn't exist.
SHLD08P.ITM : Opcode 206 : Resource sppr725d.spl doesn't exist.
SHLD08P.ITM : Opcode 206 : Resource spwish27.spl doesn't exist.
SHLD08P.ITM : Opcode 206 : Resource spwish32.spl doesn't exist.
SHLD08P.ITM : Opcode 206 : Resource spwish35.spl doesn't exist.
SHLD08P.ITM : Opcode 206 : Resource sppr725d.spl doesn't exist.
SHLD08P.ITM : Opcode 206 : Resource spwish27.spl doesn't exist.
SHLD08P.ITM : Opcode 206 : Resource spwish32.spl doesn't exist.
SHLD08P.ITM : Opcode 206 : Resource spwish35.spl doesn't exist.
SHLD08P.ITM : Opcode 206 : Resource sppr725d.spl doesn't exist.
SHLD08P.ITM : Opcode 206 : Resource spwish27.spl doesn't exist.
SHLD08P.ITM : Opcode 206 : Resource spwish32.spl doesn't exist.
SHLD08P.ITM : Opcode 206 : Resource spwish35.spl doesn't exist.
SHLD08P.ITM : Opcode 206 : Resource sppr725d.spl doesn't exist.
SHLD08P.ITM : Opcode 206 : Resource spwish27.spl doesn't exist.
SHLD08P.ITM : Opcode 206 : Resource spwish32.spl doesn't exist.
SHLD08P.ITM : Opcode 206 : Resource spwish35.spl doesn't exist.
SHLD08P.ITM : Opcode 206 : Resource sppr725d.spl doesn't exist.
SHLD08P.ITM : Opcode 206 : Resource spwish27.spl doesn't exist.
SHLD08P.ITM : Opcode 206 : Resource spwish32.spl doesn't exist.
SHLD08P.ITM : Opcode 206 : Resource spwish35.spl doesn't exist.
SHLD08P.ITM : Opcode 206 : Resource sppr725d.spl doesn't exist.
SHLD08P.ITM : Opcode 206 : Resource spwish27.spl doesn't exist.
SHLD08P.ITM : Opcode 206 : Resource spwish32.spl doesn't exist.
SHLD08P.ITM : Opcode 206 : Resource spwish35.spl doesn't exist.
SHLD08P.ITM : Opcode 206 : Resource sppr725d.spl doesn't exist.
SHLD08P.ITM : Opcode 206 : Resource spwish27.spl doesn't exist.
SHLD08P.ITM : Opcode 206 : Resource spwish32.spl doesn't exist.
SHLD08P.ITM : Opcode 206 : Resource spwish35.spl doesn't exist.
SHLD08P.ITM : Opcode 206 : Resource sppr725d.spl doesn't exist.
SHLD08P.ITM : Opcode 206 : Resource spwish27.spl doesn't exist.
SHLD08P.ITM : Opcode 206 : Resource spwish32.spl doesn't exist.
SHLD08P.ITM : Opcode 206 : Resource spwish35.spl doesn't exist.
SHLD08P.ITM : Opcode 206 : Resource sppr725d.spl doesn't exist.
SHLD08P.ITM : Opcode 206 : Resource spwish27.spl doesn't exist.
SHLD08P.ITM : Opcode 206 : Resource spwish32.spl doesn't exist.
SHLD08P.ITM : Opcode 206 : Resource spwish35.spl doesn't exist.
SHLD08P.ITM : Opcode 206 : Resource sppr725d.spl doesn't exist.
SHLD08P.ITM : Opcode 206 : Resource spwish27.spl doesn't exist.
SHLD08P.ITM : Opcode 206 : Resource spwish32.spl doesn't exist.
SHLD08P.ITM : Opcode 206 : Resource spwish35.spl doesn't exist.
SHLD08P.ITM : Opcode 206 : Resource sppr725d.spl doesn't exist.
SHLD08P.ITM : Opcode 206 : Resource spwish27.spl doesn't exist.
SHLD08P.ITM : Opcode 206 : Resource spwish32.spl doesn't exist.
SHLD08P.ITM : Opcode 206 : Resource spwish35.spl doesn't exist.
SHLD08P.ITM : Opcode 206 : Resource sppr725d.spl doesn't exist.
SHLD08P.ITM : Opcode 206 : Resource spwish27.spl doesn't exist.
SHLD08P.ITM : Opcode 206 : Resource spwish32.spl doesn't exist.
SHLD08P.ITM : Opcode 206 : Resource spwish35.spl doesn't exist.
SHLD08P.ITM : Opcode 206 : Resource sppr725d.spl doesn't exist.
SHLD08P.ITM : Opcode 206 : Resource spwish27.spl doesn't exist.
SHLD08P.ITM : Opcode 206 : Resource spwish32.spl doesn't exist.
SHLD08P.ITM : Opcode 206 : Resource spwish35.spl doesn't exist.
SHLD08P.ITM : Opcode 206 : Resource sppr725d.spl doesn't exist.
SW2H06.ITM : Opcode 206 : Resource cdsw1h58.spl doesn't exist.
SW2H06.ITM : Opcode 206 : Resource cdmound.spl doesn't exist.
SW2H06.ITM : Opcode 206 : Resource cdhgnya1.spl doesn't exist.
SW2H06.ITM : Opcode 206 : Resource cdsw1h58.spl doesn't exist.
SW2H06.ITM : Opcode 206 : Resource cdmound.spl doesn't exist.
SW2H06.ITM : Opcode 206 : Resource cdhgnya1.spl doesn't exist.
SW2H06.ITM : Opcode 206 : Resource cdsw1h58.spl doesn't exist.
SW2H06.ITM : Opcode 206 : Resource cdmound.spl doesn't exist.
SW2H06.ITM : Opcode 206 : Resource cdhgnya1.spl doesn't exist.
SW2H06.ITM : Opcode 206 : Resource cdsw1h58.spl doesn't exist.
SW2H06.ITM : Opcode 206 : Resource cdmound.spl doesn't exist.
SW2H06.ITM : Opcode 206 : Resource cdhgnya1.spl doesn't exist.
