
AMUL26.ITM : Opcode 146: Timing mode == Instant/Limited and duration == 0
AROW07.ITM : Opcode 81: Les 2 parametres doivent avoir la valeur 0
CARSOMYR.ITM : Opcode 81: Les 2 parametres doivent avoir la valeur 0
CARSOMYR.ITM : Opcode 81: Les 2 parametres doivent avoir la valeur 0
CLCK07.ITM : Opcode 177: Timing mode == Instant/Limited and duration == 0
CLCK07.ITM : Opcode 177: Timing mode == Instant/Limited and duration == 0
CLCK07.ITM : Opcode 177: Timing mode == Instant/Limited and duration == 0
CLCK07.ITM : Opcode 177: Timing mode == Instant/Limited and duration == 0
CLCK07.ITM : Opcode 177: Timing mode == Instant/Limited and duration == 0
CLCK07.ITM : Opcode 177: Timing mode == Instant/Limited and duration == 0
CLCK07.ITM : Opcode 177: Timing mode == Instant/Limited and duration == 0
CLCK07.ITM : Opcode 177: Timing mode == Instant/Limited and duration == 0
CLCK07.ITM : Opcode 177: Timing mode == Instant/Limited and duration == 0
CLCK07.ITM : Opcode 177: Timing mode == Instant/Limited and duration == 0
CLCK07.ITM : Opcode 177: Timing mode == Instant/Limited and duration == 0
CLCK07.ITM : Opcode 177: Timing mode == Instant/Limited and duration == 0
CLCK07.ITM : Opcode 177: Timing mode == Instant/Limited and duration == 0
CLCK07.ITM : Opcode 177: Timing mode == Instant/Limited and duration == 0
CLCK07.ITM : Opcode 177: Timing mode == Instant/Limited and duration == 0
CLCK07.ITM : Opcode 177: Timing mode == Instant/Limited and duration == 0
DAGG13.ITM : Opcode 177: Timing mode == Instant/Limited and duration == 0
DAGG13.ITM : Opcode 177: Timing mode == Instant/Limited and duration == 0
DAGG13.ITM : Opcode 177: Timing mode == Instant/Limited and duration == 0
DAGG13.ITM : Opcode 177: Timing mode == Instant/Limited and duration == 0
DAGG13.ITM : Opcode 177: Timing mode == Instant/Limited and duration == 0
DAGG13.ITM : Opcode 177: Timing mode == Instant/Limited and duration == 0
DAGG13.ITM : Opcode 177: Timing mode == Instant/Limited and duration == 0
DAGG13.ITM : Opcode 177: Timing mode == Instant/Limited and duration == 0
DWBOLT01.ITM : Opcode 177: Timing mode == Instant/Limited and duration == 0
DWBOLT01.ITM : Opcode 177: Timing mode == Instant/Limited and duration == 0
DWBOLT01.ITM : Opcode 177: Timing mode == Instant/Limited and duration == 0
DWBOLT01.ITM : Opcode 177: Timing mode == Instant/Limited and duration == 0
DWBOLT01.ITM : Opcode 177: Timing mode == Instant/Limited and duration == 0
DWBOLT01.ITM : Opcode 177: Timing mode == Instant/Limited and duration == 0
DWBOLT01.ITM : Opcode 177: Timing mode == Instant/Limited and duration == 0
DWBOLT01.ITM : Opcode 177: Timing mode == Instant/Limited and duration == 0
MISC5C.ITM : Opcode 81: Les 2 parametres doivent avoir la valeur 0
PLAT17.ITM : Opcode 126: Timing mode == Instant/Limited and duration == 0
PLOT04I.ITM : Opcode 81: Les 2 parametres doivent avoir la valeur 0
POTN33.ITM : Opcode 81: Les 2 parametres doivent avoir la valeur 0
REAVER.ITM : Opcode 81: Les 2 parametres doivent avoir la valeur 0
REGISAMU.ITM : Opcode 177: Timing mode == Instant/Limited and duration == 0
REGISAMU.ITM : Opcode 177: Timing mode == Instant/Limited and duration == 0
REGISAMU.ITM : Opcode 177: Timing mode == Instant/Limited and duration == 0
REGISAMU.ITM : Opcode 177: Timing mode == Instant/Limited and duration == 0
REGISAMU.ITM : Opcode 177: Timing mode == Instant/Limited and duration == 0
REGISAMU.ITM : Opcode 177: Timing mode == Instant/Limited and duration == 0
REGISAMU.ITM : Opcode 177: Timing mode == Instant/Limited and duration == 0
REGISAMU.ITM : Opcode 177: Timing mode == Instant/Limited and duration == 0
REGISAMU.ITM : Opcode 177: Timing mode == Instant/Limited and duration == 0
REGISAMU.ITM : Opcode 177: Timing mode == Instant/Limited and duration == 0
REGISAMU.ITM : Opcode 177: Timing mode == Instant/Limited and duration == 0
REGISAMU.ITM : Opcode 177: Timing mode == Instant/Limited and duration == 0
REGISAMU.ITM : Opcode 177: Timing mode == Instant/Limited and duration == 0
REGISAMU.ITM : Opcode 177: Timing mode == Instant/Limited and duration == 0
REGISAMU.ITM : Opcode 177: Timing mode == Instant/Limited and duration == 0
REGISAMU.ITM : Opcode 177: Timing mode == Instant/Limited and duration == 0
RING03.ITM : Opcode 177: Timing mode == Instant/Limited and duration == 0
RING03.ITM : Opcode 177: Timing mode == Instant/Limited and duration == 0
RING03.ITM : Opcode 177: Timing mode == Instant/Limited and duration == 0
RING03.ITM : Opcode 177: Timing mode == Instant/Limited and duration == 0
RING03.ITM : Opcode 177: Timing mode == Instant/Limited and duration == 0
RING03.ITM : Opcode 177: Timing mode == Instant/Limited and duration == 0
RING03.ITM : Opcode 177: Timing mode == Instant/Limited and duration == 0
RING03.ITM : Opcode 177: Timing mode == Instant/Limited and duration == 0
RING03.ITM : Opcode 177: Timing mode == Instant/Limited and duration == 0
RING03.ITM : Opcode 177: Timing mode == Instant/Limited and duration == 0
RING03.ITM : Opcode 177: Timing mode == Instant/Limited and duration == 0
RING03.ITM : Opcode 177: Timing mode == Instant/Limited and duration == 0
RING03.ITM : Opcode 177: Timing mode == Instant/Limited and duration == 0
RING03.ITM : Opcode 177: Timing mode == Instant/Limited and duration == 0
RING03.ITM : Opcode 177: Timing mode == Instant/Limited and duration == 0
RING03.ITM : Opcode 177: Timing mode == Instant/Limited and duration == 0
RING30.ITM : Opcode 177: Timing mode == Instant/Limited and duration == 0
RING30.ITM : Opcode 177: Timing mode == Instant/Limited and duration == 0
RING30.ITM : Opcode 177: Timing mode == Instant/Limited and duration == 0
RING30.ITM : Opcode 177: Timing mode == Instant/Limited and duration == 0
RING30.ITM : Opcode 177: Timing mode == Instant/Limited and duration == 0
RING30.ITM : Opcode 177: Timing mode == Instant/Limited and duration == 0
RING30.ITM : Opcode 177: Timing mode == Instant/Limited and duration == 0
RING30.ITM : Opcode 177: Timing mode == Instant/Limited and duration == 0
RING30.ITM : Opcode 177: Timing mode == Instant/Limited and duration == 0
RING30.ITM : Opcode 177: Timing mode == Instant/Limited and duration == 0
RING30.ITM : Opcode 177: Timing mode == Instant/Limited and duration == 0
RING30.ITM : Opcode 177: Timing mode == Instant/Limited and duration == 0
RING30.ITM : Opcode 177: Timing mode == Instant/Limited and duration == 0
RING30.ITM : Opcode 177: Timing mode == Instant/Limited and duration == 0
RING30.ITM : Opcode 177: Timing mode == Instant/Limited and duration == 0
RING30.ITM : Opcode 177: Timing mode == Instant/Limited and duration == 0
SCRL07.ITM : Opcode 81: Les 2 parametres doivent avoir la valeur 0
SHLD31.ITM : Opcode 0: Timing mode == Instant/Limited and duration == 0
STAF09.ITM : Opcode 177: Timing mode == Instant/Limited and duration == 0
STAF09.ITM : Opcode 177: Timing mode == Instant/Limited and duration == 0
STAF09.ITM : Opcode 177: Timing mode == Instant/Limited and duration == 0
STAF09.ITM : Opcode 177: Timing mode == Instant/Limited and duration == 0
STAF09.ITM : Opcode 177: Timing mode == Instant/Limited and duration == 0
STAF09.ITM : Opcode 177: Timing mode == Instant/Limited and duration == 0
STAF09.ITM : Opcode 177: Timing mode == Instant/Limited and duration == 0
STAF09.ITM : Opcode 177: Timing mode == Instant/Limited and duration == 0
STAF09.ITM : Opcode 177: Timing mode == Instant/Limited and duration == 0
STAF09.ITM : Opcode 177: Timing mode == Instant/Limited and duration == 0
STAF09.ITM : Opcode 177: Timing mode == Instant/Limited and duration == 0
STAF09.ITM : Opcode 177: Timing mode == Instant/Limited and duration == 0
STAF09.ITM : Opcode 177: Timing mode == Instant/Limited and duration == 0
STAF09.ITM : Opcode 177: Timing mode == Instant/Limited and duration == 0
STAF09.ITM : Opcode 177: Timing mode == Instant/Limited and duration == 0
STAF09.ITM : Opcode 177: Timing mode == Instant/Limited and duration == 0
STAF11.ITM : Opcode 81: Les 2 parametres doivent avoir la valeur 0
STAF11.ITM : Opcode 81: Les 2 parametres doivent avoir la valeur 0
STAF11.ITM : Opcode 81: Les 2 parametres doivent avoir la valeur 0
STAF11.ITM : Opcode 81: Les 2 parametres doivent avoir la valeur 0
STAF11.ITM : Opcode 81: Les 2 parametres doivent avoir la valeur 0
STAF11.ITM : Opcode 81: Les 2 parametres doivent avoir la valeur 0
STAF11.ITM : Opcode 81: Les 2 parametres doivent avoir la valeur 0
STAF11.ITM : Opcode 81: Les 2 parametres doivent avoir la valeur 0
STAF11.ITM : Opcode 81: Les 2 parametres doivent avoir la valeur 0
STAF11.ITM : Opcode 81: Les 2 parametres doivent avoir la valeur 0
STAF11.ITM : Opcode 81: Les 2 parametres doivent avoir la valeur 0
STAF11.ITM : Opcode 81: Les 2 parametres doivent avoir la valeur 0
STAF11.ITM : Opcode 81: Les 2 parametres doivent avoir la valeur 0
STAF11.ITM : Opcode 81: Les 2 parametres doivent avoir la valeur 0
STAF11.ITM : Opcode 81: Les 2 parametres doivent avoir la valeur 0
STAF11.ITM : Opcode 81: Les 2 parametres doivent avoir la valeur 0
STAF11.ITM : Opcode 81: Les 2 parametres doivent avoir la valeur 0
STAF11.ITM : Opcode 81: Les 2 parametres doivent avoir la valeur 0
STAF11.ITM : Opcode 81: Les 2 parametres doivent avoir la valeur 0
STAF11.ITM : Opcode 81: Les 2 parametres doivent avoir la valeur 0
STAF11.ITM : Opcode 81: Les 2 parametres doivent avoir la valeur 0
STAF11.ITM : Opcode 81: Les 2 parametres doivent avoir la valeur 0
STAF11.ITM : Opcode 81: Les 2 parametres doivent avoir la valeur 0
STAF11.ITM : Opcode 81: Les 2 parametres doivent avoir la valeur 0
STAF11.ITM : Opcode 81: Les 2 parametres doivent avoir la valeur 0
STAF11.ITM : Opcode 81: Les 2 parametres doivent avoir la valeur 0
STAF11.ITM : Opcode 81: Les 2 parametres doivent avoir la valeur 0
STAF11.ITM : Opcode 81: Les 2 parametres doivent avoir la valeur 0
STAF11.ITM : Opcode 81: Les 2 parametres doivent avoir la valeur 0
STAF11.ITM : Opcode 81: Les 2 parametres doivent avoir la valeur 0
STAF11.ITM : Opcode 81: Les 2 parametres doivent avoir la valeur 0
STAF11.ITM : Opcode 81: Les 2 parametres doivent avoir la valeur 0
STAF11.ITM : Opcode 81: Les 2 parametres doivent avoir la valeur 0
STAF11.ITM : Opcode 81: Les 2 parametres doivent avoir la valeur 0
STAF11.ITM : Opcode 81: Les 2 parametres doivent avoir la valeur 0
STAF11.ITM : Opcode 81: Les 2 parametres doivent avoir la valeur 0
STAF11.ITM : Opcode 81: Les 2 parametres doivent avoir la valeur 0
STAF11.ITM : Opcode 81: Les 2 parametres doivent avoir la valeur 0
STAF11.ITM : Opcode 81: Les 2 parametres doivent avoir la valeur 0
STAF11.ITM : Opcode 81: Les 2 parametres doivent avoir la valeur 0
STAF11.ITM : Opcode 81: Les 2 parametres doivent avoir la valeur 0
STAF11.ITM : Opcode 81: Les 2 parametres doivent avoir la valeur 0
STAF11.ITM : Opcode 81: Les 2 parametres doivent avoir la valeur 0
STAF11.ITM : Opcode 81: Les 2 parametres doivent avoir la valeur 0
STAF11.ITM : Opcode 81: Les 2 parametres doivent avoir la valeur 0
STAF11.ITM : Opcode 81: Les 2 parametres doivent avoir la valeur 0
STAF11.ITM : Opcode 81: Les 2 parametres doivent avoir la valeur 0
STAF11.ITM : Opcode 81: Les 2 parametres doivent avoir la valeur 0
STAF11.ITM : Opcode 81: Les 2 parametres doivent avoir la valeur 0
STAF11.ITM : Opcode 81: Les 2 parametres doivent avoir la valeur 0
STAF14.ITM : Opcode 177: Timing mode == Instant/Limited and duration == 0
STAF14.ITM : Opcode 177: Timing mode == Instant/Limited and duration == 0
STAF14.ITM : Opcode 177: Timing mode == Instant/Limited and duration == 0
STAF14.ITM : Opcode 177: Timing mode == Instant/Limited and duration == 0
STAF14.ITM : Opcode 177: Timing mode == Instant/Limited and duration == 0
STAF14.ITM : Opcode 177: Timing mode == Instant/Limited and duration == 0
STAF14.ITM : Opcode 177: Timing mode == Instant/Limited and duration == 0
STAF14.ITM : Opcode 177: Timing mode == Instant/Limited and duration == 0
STAF14.ITM : Opcode 177: Timing mode == Instant/Limited and duration == 0
STAF14.ITM : Opcode 177: Timing mode == Instant/Limited and duration == 0
STAF14.ITM : Opcode 177: Timing mode == Instant/Limited and duration == 0
STAF14.ITM : Opcode 177: Timing mode == Instant/Limited and duration == 0
STAF14.ITM : Opcode 177: Timing mode == Instant/Limited and duration == 0
STAF14.ITM : Opcode 177: Timing mode == Instant/Limited and duration == 0
STAF14.ITM : Opcode 177: Timing mode == Instant/Limited and duration == 0
STAF14.ITM : Opcode 177: Timing mode == Instant/Limited and duration == 0
SW2H10.ITM : Opcode 81: Les 2 parametres doivent avoir la valeur 0
SW2H10.ITM : Opcode 81: Les 2 parametres doivent avoir la valeur 0
SW2H10.ITM : Opcode 81: Les 2 parametres doivent avoir la valeur 0
SW2H10.ITM : Opcode 81: Les 2 parametres doivent avoir la valeur 0
SW2H10.ITM : Opcode 81: Les 2 parametres doivent avoir la valeur 0
SW2H10.ITM : Opcode 81: Les 2 parametres doivent avoir la valeur 0
SW2H10.ITM : Opcode 81: Les 2 parametres doivent avoir la valeur 0
SW2H10.ITM : Opcode 81: Les 2 parametres doivent avoir la valeur 0
SW2H10.ITM : Opcode 81: Les 2 parametres doivent avoir la valeur 0
SW2H10.ITM : Opcode 81: Les 2 parametres doivent avoir la valeur 0
SW2H10.ITM : Opcode 81: Les 2 parametres doivent avoir la valeur 0
SW2H10.ITM : Opcode 81: Les 2 parametres doivent avoir la valeur 0
SW2H10.ITM : Opcode 81: Les 2 parametres doivent avoir la valeur 0
SW2H10.ITM : Opcode 81: Les 2 parametres doivent avoir la valeur 0
SW2H10.ITM : Opcode 81: Les 2 parametres doivent avoir la valeur 0
SW2H10.ITM : Opcode 81: Les 2 parametres doivent avoir la valeur 0
SW2H10.ITM : Opcode 81: Les 2 parametres doivent avoir la valeur 0
SW2H10.ITM : Opcode 81: Les 2 parametres doivent avoir la valeur 0
SW2H10.ITM : Opcode 81: Les 2 parametres doivent avoir la valeur 0
SW2H10.ITM : Opcode 81: Les 2 parametres doivent avoir la valeur 0
SW2H10.ITM : Opcode 81: Les 2 parametres doivent avoir la valeur 0
SW2H10.ITM : Opcode 81: Les 2 parametres doivent avoir la valeur 0
SW2H10.ITM : Opcode 81: Les 2 parametres doivent avoir la valeur 0
SW2H10.ITM : Opcode 81: Les 2 parametres doivent avoir la valeur 0
SW2H10.ITM : Opcode 81: Les 2 parametres doivent avoir la valeur 0
SW2H10.ITM : Opcode 81: Les 2 parametres doivent avoir la valeur 0
SW2H10.ITM : Opcode 81: Les 2 parametres doivent avoir la valeur 0
SW2H10.ITM : Opcode 81: Les 2 parametres doivent avoir la valeur 0
SW2H10.ITM : Opcode 81: Les 2 parametres doivent avoir la valeur 0
SW2H10.ITM : Opcode 81: Les 2 parametres doivent avoir la valeur 0
SW2H10.ITM : Opcode 81: Les 2 parametres doivent avoir la valeur 0
SW2H10.ITM : Opcode 81: Les 2 parametres doivent avoir la valeur 0
SW2H10.ITM : Opcode 81: Les 2 parametres doivent avoir la valeur 0
SW2H10.ITM : Opcode 81: Les 2 parametres doivent avoir la valeur 0
SW2H10.ITM : Opcode 81: Les 2 parametres doivent avoir la valeur 0
SW2H10.ITM : Opcode 81: Les 2 parametres doivent avoir la valeur 0
SW2H10.ITM : Opcode 81: Les 2 parametres doivent avoir la valeur 0
SW2H10.ITM : Opcode 81: Les 2 parametres doivent avoir la valeur 0
SW2H10.ITM : Opcode 81: Les 2 parametres doivent avoir la valeur 0
SW2H10.ITM : Opcode 81: Les 2 parametres doivent avoir la valeur 0
SW2H10.ITM : Opcode 81: Les 2 parametres doivent avoir la valeur 0
SW2H10.ITM : Opcode 81: Les 2 parametres doivent avoir la valeur 0
SW2H10.ITM : Opcode 81: Les 2 parametres doivent avoir la valeur 0
SW2H10.ITM : Opcode 81: Les 2 parametres doivent avoir la valeur 0
SW2H10.ITM : Opcode 81: Les 2 parametres doivent avoir la valeur 0
SW2H10.ITM : Opcode 81: Les 2 parametres doivent avoir la valeur 0
SW2H10.ITM : Opcode 81: Les 2 parametres doivent avoir la valeur 0
SW2H10.ITM : Opcode 81: Les 2 parametres doivent avoir la valeur 0
SW2H10.ITM : Opcode 81: Les 2 parametres doivent avoir la valeur 0
SW2H10.ITM : Opcode 81: Les 2 parametres doivent avoir la valeur 0
SW2H19.ITM : Opcode 81: Les 2 parametres doivent avoir la valeur 0
SW2H19.ITM : Opcode 81: Les 2 parametres doivent avoir la valeur 0
SW2H19.ITM : Opcode 81: Les 2 parametres doivent avoir la valeur 0
SW2H19.ITM : Opcode 81: Les 2 parametres doivent avoir la valeur 0
SW2H19.ITM : Opcode 81: Les 2 parametres doivent avoir la valeur 0
SW2H19.ITM : Opcode 81: Les 2 parametres doivent avoir la valeur 0
SW2H19.ITM : Opcode 81: Les 2 parametres doivent avoir la valeur 0
SW2H19.ITM : Opcode 81: Les 2 parametres doivent avoir la valeur 0
SW2H19.ITM : Opcode 81: Les 2 parametres doivent avoir la valeur 0
SW2H19.ITM : Opcode 81: Les 2 parametres doivent avoir la valeur 0
SW2H19.ITM : Opcode 81: Les 2 parametres doivent avoir la valeur 0
SW2H19.ITM : Opcode 81: Les 2 parametres doivent avoir la valeur 0
SW2H19.ITM : Opcode 81: Les 2 parametres doivent avoir la valeur 0
SW2H19.ITM : Opcode 81: Les 2 parametres doivent avoir la valeur 0
SW2H19.ITM : Opcode 81: Les 2 parametres doivent avoir la valeur 0
SW2H19.ITM : Opcode 81: Les 2 parametres doivent avoir la valeur 0
SW2H19.ITM : Opcode 81: Les 2 parametres doivent avoir la valeur 0
SW2H19.ITM : Opcode 81: Les 2 parametres doivent avoir la valeur 0
SW2H19.ITM : Opcode 81: Les 2 parametres doivent avoir la valeur 0
SW2H19.ITM : Opcode 81: Les 2 parametres doivent avoir la valeur 0
SW2H19.ITM : Opcode 81: Les 2 parametres doivent avoir la valeur 0
SW2H19.ITM : Opcode 81: Les 2 parametres doivent avoir la valeur 0
SW2H19.ITM : Opcode 81: Les 2 parametres doivent avoir la valeur 0
SW2H19.ITM : Opcode 81: Les 2 parametres doivent avoir la valeur 0
SW2H19.ITM : Opcode 81: Les 2 parametres doivent avoir la valeur 0
SW2H19.ITM : Opcode 81: Les 2 parametres doivent avoir la valeur 0
SW2H19.ITM : Opcode 81: Les 2 parametres doivent avoir la valeur 0
SW2H19.ITM : Opcode 81: Les 2 parametres doivent avoir la valeur 0
SW2H19.ITM : Opcode 81: Les 2 parametres doivent avoir la valeur 0
SW2H19.ITM : Opcode 81: Les 2 parametres doivent avoir la valeur 0
SW2H19.ITM : Opcode 81: Les 2 parametres doivent avoir la valeur 0
SW2H19.ITM : Opcode 81: Les 2 parametres doivent avoir la valeur 0
SW2H19.ITM : Opcode 81: Les 2 parametres doivent avoir la valeur 0
SW2H19.ITM : Opcode 81: Les 2 parametres doivent avoir la valeur 0
SW2H19.ITM : Opcode 81: Les 2 parametres doivent avoir la valeur 0
SW2H19.ITM : Opcode 81: Les 2 parametres doivent avoir la valeur 0
SW2H19.ITM : Opcode 81: Les 2 parametres doivent avoir la valeur 0
SW2H19.ITM : Opcode 81: Les 2 parametres doivent avoir la valeur 0
SW2H19.ITM : Opcode 81: Les 2 parametres doivent avoir la valeur 0
SW2H19.ITM : Opcode 81: Les 2 parametres doivent avoir la valeur 0
SW2H19.ITM : Opcode 81: Les 2 parametres doivent avoir la valeur 0
SW2H19.ITM : Opcode 81: Les 2 parametres doivent avoir la valeur 0
SW2H19.ITM : Opcode 81: Les 2 parametres doivent avoir la valeur 0
SW2H19.ITM : Opcode 81: Les 2 parametres doivent avoir la valeur 0
SW2H19.ITM : Opcode 81: Les 2 parametres doivent avoir la valeur 0
SW2H19.ITM : Opcode 81: Les 2 parametres doivent avoir la valeur 0
SW2H19.ITM : Opcode 81: Les 2 parametres doivent avoir la valeur 0
SW2H19.ITM : Opcode 81: Les 2 parametres doivent avoir la valeur 0
SW2H19.ITM : Opcode 81: Les 2 parametres doivent avoir la valeur 0
SW2H19.ITM : Opcode 81: Les 2 parametres doivent avoir la valeur 0
WAND08.ITM : Opcode 177: Timing mode == Instant/Limited and duration == 0
WAND08.ITM : Opcode 177: Timing mode == Instant/Limited and duration == 0
WAND08.ITM : Opcode 177: Timing mode == Instant/Limited and duration == 0
WAND08.ITM : Opcode 177: Timing mode == Instant/Limited and duration == 0
WAND08.ITM : Opcode 177: Timing mode == Instant/Limited and duration == 0
WAND08.ITM : Opcode 177: Timing mode == Instant/Limited and duration == 0
WAND08.ITM : Opcode 177: Timing mode == Instant/Limited and duration == 0
WAND08.ITM : Opcode 177: Timing mode == Instant/Limited and duration == 0
